{"synthetic": false,
 "schemaVersion": "2025-09-10",
 "outputs":
 {"o": ["d75ddf97b05d1f0e.olean"],
  "i": "06a822f1ca19b9ec.ilean",
  "c": "336511590451b24e.c"},
 "log":
 [{"message":
   ".> LEAN_PATH=/home/ken/Documents/8bit-physics/____working/_en/.lake/build/lib/lean /nix/store/4gr3n4nrp0xxgykyyzdxi3xjj2ikn5x1-lean4-4.25.0/bin/lean /home/ken/Documents/8bit-physics/____working/_en/CL8E8TQC/_04_CoxeterAnalysis/_01_CoxeterSystem.lean -o /home/ken/Documents/8bit-physics/____working/_en/.lake/build/lib/lean/CL8E8TQC/_04_CoxeterAnalysis/_01_CoxeterSystem.olean -i /home/ken/Documents/8bit-physics/____working/_en/.lake/build/lib/lean/CL8E8TQC/_04_CoxeterAnalysis/_01_CoxeterSystem.ilean -c /home/ken/Documents/8bit-physics/____working/_en/.lake/build/ir/CL8E8TQC/_04_CoxeterAnalysis/_01_CoxeterSystem.c --setup /home/ken/Documents/8bit-physics/____working/_en/.lake/build/ir/CL8E8TQC/_04_CoxeterAnalysis/_01_CoxeterSystem.setup.json --json",
   "level": "trace"}],
 "inputs":
 [["CL8E8TQC._04_CoxeterAnalysis._01_CoxeterSystem:deps",
   [["deps",
     [["CL8E8TQC/CL8E8TQC:extraDep",
       [["@CL8E8TQC:extraDep", "00000000000006bb"]]],
      ["imports",
       [["CL8E8TQC._05_SpectralTriple._02_DiracSquared transitive imports (legacy)",
         "94de96c0ff8a13aa"],
        ["CL8E8TQC._05_SpectralTriple._02_DiracSquared:importAllArts",
         "9767f65b0af339eb"],
        ["CL8E8TQC._06_E8Branching._01_RouteA_Time transitive imports (legacy)",
         "4043c6bd085d7ab5"],
        ["CL8E8TQC._06_E8Branching._01_RouteA_Time:importAllArts",
         "f6b6f1d62429fd49"]]]]],
    ["libs",
     [["import dynlibs", "00000000000006bb"],
      ["package external libraries", "00000000000006bb"],
      ["module dynlibs", "00000000000006bb"],
      ["module plugins", "00000000000006bb"]]]]],
  ["Lean 4.25.0, commit v4.25.0", "9c3a3ade3a41d5d0"],
  ["/home/ken/Documents/8bit-physics/____working/_en/CL8E8TQC/_04_CoxeterAnalysis/_01_CoxeterSystem.lean",
   "1b09320ebaf5ce30"],
  ["options", "00000000000006bb"],
  ["Module.leanArgs: #[]", "00000000000006bb"]],
 "depHash": "6242067dd8cc5671"}