{"synthetic": false,
 "schemaVersion": "2025-09-10",
 "outputs":
 {"o": ["31691cfd285700ef.olean"],
  "i": "0d6f93a3031b7bea.ilean",
  "c": "8399cc888ace2fc1.c"},
 "log":
 [{"message":
   ".> LEAN_PATH=/home/ken/Documents/8bit-physics/____working/_en/.lake/build/lib/lean /nix/store/4gr3n4nrp0xxgykyyzdxi3xjj2ikn5x1-lean4-4.25.0/bin/lean /home/ken/Documents/8bit-physics/____working/_en/CL8E8TQC/_04_CoxeterAnalysis/_02_DiracDynamics.lean -o /home/ken/Documents/8bit-physics/____working/_en/.lake/build/lib/lean/CL8E8TQC/_04_CoxeterAnalysis/_02_DiracDynamics.olean -i /home/ken/Documents/8bit-physics/____working/_en/.lake/build/lib/lean/CL8E8TQC/_04_CoxeterAnalysis/_02_DiracDynamics.ilean -c /home/ken/Documents/8bit-physics/____working/_en/.lake/build/ir/CL8E8TQC/_04_CoxeterAnalysis/_02_DiracDynamics.c --setup /home/ken/Documents/8bit-physics/____working/_en/.lake/build/ir/CL8E8TQC/_04_CoxeterAnalysis/_02_DiracDynamics.setup.json --json",
   "level": "trace"}],
 "inputs":
 [["CL8E8TQC._04_CoxeterAnalysis._02_DiracDynamics:deps",
   [["deps",
     [["CL8E8TQC/CL8E8TQC:extraDep",
       [["@CL8E8TQC:extraDep", "00000000000006bb"]]],
      ["imports",
       [["CL8E8TQC._05_SpectralTriple._02_DiracSquared transitive imports (legacy)",
         "94de96c0ff8a13aa"],
        ["CL8E8TQC._05_SpectralTriple._02_DiracSquared:importAllArts",
         "9767f65b0af339eb"],
        ["CL8E8TQC._06_E8Branching._01_RouteA_Time transitive imports (legacy)",
         "4043c6bd085d7ab5"],
        ["CL8E8TQC._06_E8Branching._01_RouteA_Time:importAllArts",
         "f6b6f1d62429fd49"]]]]],
    ["libs",
     [["import dynlibs", "00000000000006bb"],
      ["package external libraries", "00000000000006bb"],
      ["module dynlibs", "00000000000006bb"],
      ["module plugins", "00000000000006bb"]]]]],
  ["Lean 4.25.0, commit v4.25.0", "9c3a3ade3a41d5d0"],
  ["/home/ken/Documents/8bit-physics/____working/_en/CL8E8TQC/_04_CoxeterAnalysis/_02_DiracDynamics.lean",
   "9a8355c0f0e41b2d"],
  ["options", "00000000000006bb"],
  ["Module.leanArgs: #[]", "00000000000006bb"]],
 "depHash": "1a3d1a89b0d480ee"}