{"synthetic": false,
 "schemaVersion": "2025-09-10",
 "outputs":
 {"o": ["01cfbbae59d092f0.olean"],
  "i": "399841500aa6540f.ilean",
  "c": "4be092fa1ee5da54.c"},
 "log":
 [{"message":
   ".> LEAN_PATH=/home/ken/Documents/8bit-physics/____working/_en/.lake/build/lib/lean /nix/store/4gr3n4nrp0xxgykyyzdxi3xjj2ikn5x1-lean4-4.25.0/bin/lean /home/ken/Documents/8bit-physics/____working/_en/CL8E8TQC/_04_CoxeterAnalysis/_03_OrbitAnalysis.lean -o /home/ken/Documents/8bit-physics/____working/_en/.lake/build/lib/lean/CL8E8TQC/_04_CoxeterAnalysis/_03_OrbitAnalysis.olean -i /home/ken/Documents/8bit-physics/____working/_en/.lake/build/lib/lean/CL8E8TQC/_04_CoxeterAnalysis/_03_OrbitAnalysis.ilean -c /home/ken/Documents/8bit-physics/____working/_en/.lake/build/ir/CL8E8TQC/_04_CoxeterAnalysis/_03_OrbitAnalysis.c --setup /home/ken/Documents/8bit-physics/____working/_en/.lake/build/ir/CL8E8TQC/_04_CoxeterAnalysis/_03_OrbitAnalysis.setup.json --json",
   "level": "trace"}],
 "inputs":
 [["CL8E8TQC._04_CoxeterAnalysis._03_OrbitAnalysis:deps",
   [["deps",
     [["CL8E8TQC/CL8E8TQC:extraDep",
       [["@CL8E8TQC:extraDep", "00000000000006bb"]]],
      ["imports",
       [["CL8E8TQC._04_CoxeterAnalysis._01_CoxeterSystem transitive imports (legacy)",
         "345ee953ca6960b6"],
        ["CL8E8TQC._04_CoxeterAnalysis._01_CoxeterSystem:importAllArts",
         "57f5d3f52c82f9ee"]]]]],
    ["libs",
     [["import dynlibs", "00000000000006bb"],
      ["package external libraries", "00000000000006bb"],
      ["module dynlibs", "00000000000006bb"],
      ["module plugins", "00000000000006bb"]]]]],
  ["Lean 4.25.0, commit v4.25.0", "9c3a3ade3a41d5d0"],
  ["/home/ken/Documents/8bit-physics/____working/_en/CL8E8TQC/_04_CoxeterAnalysis/_03_OrbitAnalysis.lean",
   "c9d9278cbcc421e5"],
  ["options", "00000000000006bb"],
  ["Module.leanArgs: #[]", "00000000000006bb"]],
 "depHash": "2fea8a1556bf5fc1"}