{"synthetic": false,
 "schemaVersion": "2025-09-10",
 "outputs":
 {"o": ["0f7188c2855a08c9.olean"],
  "i": "2175de00049bec7b.ilean",
  "c": "a3f68bf5515abcbb.c"},
 "log":
 [{"message":
   ".> LEAN_PATH=/home/ken/Documents/8bit-physics/____working/_en/.lake/build/lib/lean /nix/store/4gr3n4nrp0xxgykyyzdxi3xjj2ikn5x1-lean4-4.25.0/bin/lean /home/ken/Documents/8bit-physics/____working/_en/CL8E8TQC/_07_HeatKernel/_00_Framework.lean -o /home/ken/Documents/8bit-physics/____working/_en/.lake/build/lib/lean/CL8E8TQC/_07_HeatKernel/_00_Framework.olean -i /home/ken/Documents/8bit-physics/____working/_en/.lake/build/lib/lean/CL8E8TQC/_07_HeatKernel/_00_Framework.ilean -c /home/ken/Documents/8bit-physics/____working/_en/.lake/build/ir/CL8E8TQC/_07_HeatKernel/_00_Framework.c --setup /home/ken/Documents/8bit-physics/____working/_en/.lake/build/ir/CL8E8TQC/_07_HeatKernel/_00_Framework.setup.json --json",
   "level": "trace"}],
 "inputs":
 [["CL8E8TQC._07_HeatKernel._00_Framework:deps",
   [["deps",
     [["CL8E8TQC/CL8E8TQC:extraDep",
       [["@CL8E8TQC:extraDep", "00000000000006bb"]]],
      ["imports",
       [["CL8E8TQC._06_E8Branching._05_Gravity transitive imports (legacy)",
         "4043c6bd085d7ab5"],
        ["CL8E8TQC._06_E8Branching._05_Gravity:importAllArts",
         "112aef9d69bfb842"],
        ["CL8E8TQC._05_SpectralTriple._02_DiracSquared transitive imports (legacy)",
         "94de96c0ff8a13aa"],
        ["CL8E8TQC._05_SpectralTriple._02_DiracSquared:importAllArts",
         "9767f65b0af339eb"]]]]],
    ["libs",
     [["import dynlibs", "00000000000006bb"],
      ["package external libraries", "00000000000006bb"],
      ["module dynlibs", "00000000000006bb"],
      ["module plugins", "00000000000006bb"]]]]],
  ["Lean 4.25.0, commit v4.25.0", "9c3a3ade3a41d5d0"],
  ["/home/ken/Documents/8bit-physics/____working/_en/CL8E8TQC/_07_HeatKernel/_00_Framework.lean",
   "6ab0583958315212"],
  ["options", "00000000000006bb"],
  ["Module.leanArgs: #[]", "00000000000006bb"]],
 "depHash": "dda2b0df59aa5bed"}