{"synthetic": false,
 "schemaVersion": "2025-09-10",
 "outputs":
 {"o": ["f550387bbf41155f.olean"],
  "i": "b604ea1921bd5666.ilean",
  "c": "49730918e92e6298.c"},
 "log":
 [{"message":
   ".> LEAN_PATH=/home/ken/Documents/8bit-physics/____working/_en/.lake/build/lib/lean /nix/store/4gr3n4nrp0xxgykyyzdxi3xjj2ikn5x1-lean4-4.25.0/bin/lean /home/ken/Documents/8bit-physics/____working/_en/CL8E8TQC/_07_HeatKernel/_01_Derivation.lean -o /home/ken/Documents/8bit-physics/____working/_en/.lake/build/lib/lean/CL8E8TQC/_07_HeatKernel/_01_Derivation.olean -i /home/ken/Documents/8bit-physics/____working/_en/.lake/build/lib/lean/CL8E8TQC/_07_HeatKernel/_01_Derivation.ilean -c /home/ken/Documents/8bit-physics/____working/_en/.lake/build/ir/CL8E8TQC/_07_HeatKernel/_01_Derivation.c --setup /home/ken/Documents/8bit-physics/____working/_en/.lake/build/ir/CL8E8TQC/_07_HeatKernel/_01_Derivation.setup.json --json",
   "level": "trace"}],
 "inputs":
 [["CL8E8TQC._07_HeatKernel._01_Derivation:deps",
   [["deps",
     [["CL8E8TQC/CL8E8TQC:extraDep",
       [["@CL8E8TQC:extraDep", "00000000000006bb"]]],
      ["imports",
       [["CL8E8TQC._07_HeatKernel._00_Framework transitive imports (legacy)",
         "d84245397658550d"],
        ["CL8E8TQC._07_HeatKernel._00_Framework:importAllArts",
         "aa272023a1b86198"]]]]],
    ["libs",
     [["import dynlibs", "00000000000006bb"],
      ["package external libraries", "00000000000006bb"],
      ["module dynlibs", "00000000000006bb"],
      ["module plugins", "00000000000006bb"]]]]],
  ["Lean 4.25.0, commit v4.25.0", "9c3a3ade3a41d5d0"],
  ["/home/ken/Documents/8bit-physics/____working/_en/CL8E8TQC/_07_HeatKernel/_01_Derivation.lean",
   "c6dfb10611afd3a5"],
  ["options", "00000000000006bb"],
  ["Module.leanArgs: #[]", "00000000000006bb"]],
 "depHash": "79a312eb4350759b"}