{"synthetic": false,
 "schemaVersion": "2025-09-10",
 "outputs":
 {"o": ["2b7de0918c000ec1.olean"],
  "i": "96ff22768254d2fd.ilean",
  "c": "d5fb0b05c24e14ee.c"},
 "log":
 [{"message":
   ".> LEAN_PATH=/home/ken/Documents/8bit-physics/____working/_en/.lake/build/lib/lean /nix/store/4gr3n4nrp0xxgykyyzdxi3xjj2ikn5x1-lean4-4.25.0/bin/lean /home/ken/Documents/8bit-physics/____working/_en/CL8E8TQC/_08_StandardModel/_00_BoundaryAxioms.lean -o /home/ken/Documents/8bit-physics/____working/_en/.lake/build/lib/lean/CL8E8TQC/_08_StandardModel/_00_BoundaryAxioms.olean -i /home/ken/Documents/8bit-physics/____working/_en/.lake/build/lib/lean/CL8E8TQC/_08_StandardModel/_00_BoundaryAxioms.ilean -c /home/ken/Documents/8bit-physics/____working/_en/.lake/build/ir/CL8E8TQC/_08_StandardModel/_00_BoundaryAxioms.c --setup /home/ken/Documents/8bit-physics/____working/_en/.lake/build/ir/CL8E8TQC/_08_StandardModel/_00_BoundaryAxioms.setup.json --json",
   "level": "trace"}],
 "inputs":
 [["CL8E8TQC._08_StandardModel._00_BoundaryAxioms:deps",
   [["deps",
     [["CL8E8TQC/CL8E8TQC:extraDep",
       [["@CL8E8TQC:extraDep", "00000000000006bb"]]],
      ["imports",
       [["CL8E8TQC._07_HeatKernel._01_Derivation transitive imports (legacy)",
         "b8ba24d553a30050"],
        ["CL8E8TQC._07_HeatKernel._01_Derivation:importAllArts",
         "7e6ef939df18fcc3"]]]]],
    ["libs",
     [["import dynlibs", "00000000000006bb"],
      ["package external libraries", "00000000000006bb"],
      ["module dynlibs", "00000000000006bb"],
      ["module plugins", "00000000000006bb"]]]]],
  ["Lean 4.25.0, commit v4.25.0", "9c3a3ade3a41d5d0"],
  ["/home/ken/Documents/8bit-physics/____working/_en/CL8E8TQC/_08_StandardModel/_00_BoundaryAxioms.lean",
   "e2c0e54dfbafa2ad"],
  ["options", "00000000000006bb"],
  ["Module.leanArgs: #[]", "00000000000006bb"]],
 "depHash": "02c42f41832c9662"}