{"synthetic": false,
 "schemaVersion": "2025-09-10",
 "outputs":
 {"o": ["4717935a72c07e06.olean"],
  "i": "a64c0ad6c1cef733.ilean",
  "c": "8daed201afeaa1b9.c"},
 "log":
 [{"message":
   ".> LEAN_PATH=/home/ken/Documents/8bit-physics/____working/_en/.lake/build/lib/lean /nix/store/4gr3n4nrp0xxgykyyzdxi3xjj2ikn5x1-lean4-4.25.0/bin/lean /home/ken/Documents/8bit-physics/____working/_en/CL8E8TQC/_08_StandardModel/_01_Verification.lean -o /home/ken/Documents/8bit-physics/____working/_en/.lake/build/lib/lean/CL8E8TQC/_08_StandardModel/_01_Verification.olean -i /home/ken/Documents/8bit-physics/____working/_en/.lake/build/lib/lean/CL8E8TQC/_08_StandardModel/_01_Verification.ilean -c /home/ken/Documents/8bit-physics/____working/_en/.lake/build/ir/CL8E8TQC/_08_StandardModel/_01_Verification.c --setup /home/ken/Documents/8bit-physics/____working/_en/.lake/build/ir/CL8E8TQC/_08_StandardModel/_01_Verification.setup.json --json",
   "level": "trace"}],
 "inputs":
 [["CL8E8TQC._08_StandardModel._01_Verification:deps",
   [["deps",
     [["CL8E8TQC/CL8E8TQC:extraDep",
       [["@CL8E8TQC:extraDep", "00000000000006bb"]]],
      ["imports",
       [["CL8E8TQC._08_StandardModel._00_BoundaryAxioms transitive imports (legacy)",
         "0cd8643557d2c926"],
        ["CL8E8TQC._08_StandardModel._00_BoundaryAxioms:importAllArts",
         "005141a653b527dc"]]]]],
    ["libs",
     [["import dynlibs", "00000000000006bb"],
      ["package external libraries", "00000000000006bb"],
      ["module dynlibs", "00000000000006bb"],
      ["module plugins", "00000000000006bb"]]]]],
  ["Lean 4.25.0, commit v4.25.0", "9c3a3ade3a41d5d0"],
  ["/home/ken/Documents/8bit-physics/____working/_en/CL8E8TQC/_08_StandardModel/_01_Verification.lean",
   "e5e0164e71f95604"],
  ["options", "00000000000006bb"],
  ["Module.leanArgs: #[]", "00000000000006bb"]],
 "depHash": "c4c2cfbbac7f949e"}