{"synthetic": false,
 "schemaVersion": "2025-09-10",
 "outputs":
 {"o": ["964f91e027553776.olean"],
  "i": "f5e3dc1da126c1e7.ilean",
  "c": "b19a70f32607a5a5.c"},
 "log":
 [{"message":
   ".> LEAN_PATH=/home/ken/Documents/8bit-physics/____working/_en/.lake/build/lib/lean /nix/store/4gr3n4nrp0xxgykyyzdxi3xjj2ikn5x1-lean4-4.25.0/bin/lean /home/ken/Documents/8bit-physics/____working/_en/CL8E8TQC/_05_SpectralTriple/_01_DiracOp.lean -o /home/ken/Documents/8bit-physics/____working/_en/.lake/build/lib/lean/CL8E8TQC/_05_SpectralTriple/_01_DiracOp.olean -i /home/ken/Documents/8bit-physics/____working/_en/.lake/build/lib/lean/CL8E8TQC/_05_SpectralTriple/_01_DiracOp.ilean -c /home/ken/Documents/8bit-physics/____working/_en/.lake/build/ir/CL8E8TQC/_05_SpectralTriple/_01_DiracOp.c --setup /home/ken/Documents/8bit-physics/____working/_en/.lake/build/ir/CL8E8TQC/_05_SpectralTriple/_01_DiracOp.setup.json --json",
   "level": "trace"}],
 "inputs":
 [["CL8E8TQC._05_SpectralTriple._01_DiracOp:deps",
   [["deps",
     [["CL8E8TQC/CL8E8TQC:extraDep",
       [["@CL8E8TQC:extraDep", "00000000000006bb"]]],
      ["imports",
       [["CL8E8TQC._05_SpectralTriple._00_ConnesNCG transitive imports (legacy)",
         "2d490e049667fa5a"],
        ["CL8E8TQC._05_SpectralTriple._00_ConnesNCG:importAllArts",
         "bcf89c76e1a83a56"],
        ["CL8E8TQC._03_E8Dirac._04_PositiveRoots transitive imports (legacy)",
         "e09c6f535f5ff0aa"],
        ["CL8E8TQC._03_E8Dirac._04_PositiveRoots:importAllArts",
         "02082c229ae91d61"]]]]],
    ["libs",
     [["import dynlibs", "00000000000006bb"],
      ["package external libraries", "00000000000006bb"],
      ["module dynlibs", "00000000000006bb"],
      ["module plugins", "00000000000006bb"]]]]],
  ["Lean 4.25.0, commit v4.25.0", "9c3a3ade3a41d5d0"],
  ["/home/ken/Documents/8bit-physics/____working/_en/CL8E8TQC/_05_SpectralTriple/_01_DiracOp.lean",
   "3553e90f1dafa7d0"],
  ["options", "00000000000006bb"],
  ["Module.leanArgs: #[]", "00000000000006bb"]],
 "depHash": "f64d705f2e4362c9"}