{"synthetic": false,
 "schemaVersion": "2025-09-10",
 "outputs":
 {"o": ["f5c7424ff824b4b1.olean"],
  "i": "eb0fcffa34e6d235.ilean",
  "c": "7e3b73d96f19a055.c"},
 "log":
 [{"message":
   ".> LEAN_PATH=/home/ken/Documents/8bit-physics/____working/_en/.lake/build/lib/lean /nix/store/4gr3n4nrp0xxgykyyzdxi3xjj2ikn5x1-lean4-4.25.0/bin/lean /home/ken/Documents/8bit-physics/____working/_en/CL8E8TQC/_05_SpectralTriple/_02_DiracSquared.lean -o /home/ken/Documents/8bit-physics/____working/_en/.lake/build/lib/lean/CL8E8TQC/_05_SpectralTriple/_02_DiracSquared.olean -i /home/ken/Documents/8bit-physics/____working/_en/.lake/build/lib/lean/CL8E8TQC/_05_SpectralTriple/_02_DiracSquared.ilean -c /home/ken/Documents/8bit-physics/____working/_en/.lake/build/ir/CL8E8TQC/_05_SpectralTriple/_02_DiracSquared.c --setup /home/ken/Documents/8bit-physics/____working/_en/.lake/build/ir/CL8E8TQC/_05_SpectralTriple/_02_DiracSquared.setup.json --json",
   "level": "trace"}],
 "inputs":
 [["CL8E8TQC._05_SpectralTriple._02_DiracSquared:deps",
   [["deps",
     [["CL8E8TQC/CL8E8TQC:extraDep",
       [["@CL8E8TQC:extraDep", "00000000000006bb"]]],
      ["imports",
       [["CL8E8TQC._05_SpectralTriple._01_DiracOp transitive imports (legacy)",
         "7371d3558f827464"],
        ["CL8E8TQC._05_SpectralTriple._01_DiracOp:importAllArts",
         "5a428eeadd8fdad2"]]]]],
    ["libs",
     [["import dynlibs", "00000000000006bb"],
      ["package external libraries", "00000000000006bb"],
      ["module dynlibs", "00000000000006bb"],
      ["module plugins", "00000000000006bb"]]]]],
  ["Lean 4.25.0, commit v4.25.0", "9c3a3ade3a41d5d0"],
  ["/home/ken/Documents/8bit-physics/____working/_en/CL8E8TQC/_05_SpectralTriple/_02_DiracSquared.lean",
   "e3068b1e2198c42e"],
  ["options", "00000000000006bb"],
  ["Module.leanArgs: #[]", "00000000000006bb"]],
 "depHash": "4687e9af3cb42453"}