{"synthetic": false,
 "schemaVersion": "2025-09-10",
 "outputs":
 {"o": ["21b479c99d052668.olean"],
  "i": "493794bf37b2ca9e.ilean",
  "c": "da6e106bddc828ec.c"},
 "log":
 [{"message":
   ".> LEAN_PATH=/home/ken/Documents/8bit-physics/____working/_en/.lake/build/lib/lean /nix/store/4gr3n4nrp0xxgykyyzdxi3xjj2ikn5x1-lean4-4.25.0/bin/lean /home/ken/Documents/8bit-physics/____working/_en/CL8E8TQC/_02_BellSAT/_01_QuantumCHSH.lean -o /home/ken/Documents/8bit-physics/____working/_en/.lake/build/lib/lean/CL8E8TQC/_02_BellSAT/_01_QuantumCHSH.olean -i /home/ken/Documents/8bit-physics/____working/_en/.lake/build/lib/lean/CL8E8TQC/_02_BellSAT/_01_QuantumCHSH.ilean -c /home/ken/Documents/8bit-physics/____working/_en/.lake/build/ir/CL8E8TQC/_02_BellSAT/_01_QuantumCHSH.c --setup /home/ken/Documents/8bit-physics/____working/_en/.lake/build/ir/CL8E8TQC/_02_BellSAT/_01_QuantumCHSH.setup.json --json",
   "level": "trace"}],
 "inputs":
 [["CL8E8TQC._02_BellSAT._01_QuantumCHSH:deps",
   [["deps",
     [["CL8E8TQC/CL8E8TQC:extraDep",
       [["@CL8E8TQC:extraDep", "00000000000006bb"]]],
      ["imports",
       [["CL8E8TQC._01_TQC._03_QuantumState transitive imports (legacy)",
         "61d04e7d93f1c38d"],
        ["CL8E8TQC._01_TQC._03_QuantumState:importAllArts",
         "bb9987cc155b405a"]]]]],
    ["libs",
     [["import dynlibs", "00000000000006bb"],
      ["package external libraries", "00000000000006bb"],
      ["module dynlibs", "00000000000006bb"],
      ["module plugins", "00000000000006bb"]]]]],
  ["Lean 4.25.0, commit v4.25.0", "9c3a3ade3a41d5d0"],
  ["/home/ken/Documents/8bit-physics/____working/_en/CL8E8TQC/_02_BellSAT/_01_QuantumCHSH.lean",
   "0700c84bcf33d43f"],
  ["options", "00000000000006bb"],
  ["Module.leanArgs: #[]", "00000000000006bb"]],
 "depHash": "4b06352592a9bcb2"}