{"synthetic": false,
 "schemaVersion": "2025-09-10",
 "outputs":
 {"o": ["5cc1f72652e0bd8e.olean"],
  "i": "0d9c81692944bcec.ilean",
  "c": "15a33ab6dc35a06c.c"},
 "log":
 [{"message":
   ".> LEAN_PATH=/home/ken/Documents/8bit-physics/____working/_en/.lake/build/lib/lean /nix/store/4gr3n4nrp0xxgykyyzdxi3xjj2ikn5x1-lean4-4.25.0/bin/lean /home/ken/Documents/8bit-physics/____working/_en/CL8E8TQC.lean -o /home/ken/Documents/8bit-physics/____working/_en/.lake/build/lib/lean/CL8E8TQC.olean -i /home/ken/Documents/8bit-physics/____working/_en/.lake/build/lib/lean/CL8E8TQC.ilean -c /home/ken/Documents/8bit-physics/____working/_en/.lake/build/ir/CL8E8TQC.c --setup /home/ken/Documents/8bit-physics/____working/_en/.lake/build/ir/CL8E8TQC.setup.json --json",
   "level": "trace"}],
 "inputs":
 [["CL8E8TQC:deps",
   [["deps",
     [["CL8E8TQC/CL8E8TQC:extraDep",
       [["@CL8E8TQC:extraDep", "00000000000006bb"]]],
      ["imports",
       [["CL8E8TQC._00_Introduction._00_LiterateCoding transitive imports (legacy)",
         "00000000000006bb"],
        ["CL8E8TQC._00_Introduction._00_LiterateCoding:importAllArts",
         "905de3932bdb6fa7"],
        ["CL8E8TQC._00_Introduction._01_Overview transitive imports (legacy)",
         "00000000000006bb"],
        ["CL8E8TQC._00_Introduction._01_Overview:importAllArts",
         "eb7c5362ee625e22"],
        ["CL8E8TQC._01_TQC._01_Cl8E8H84 transitive imports (legacy)",
         "00000000000006bb"],
        ["CL8E8TQC._01_TQC._01_Cl8E8H84:importAllArts", "59572eb2ddbe8b75"],
        ["CL8E8TQC._01_TQC._02_PinSpin transitive imports (legacy)",
         "d806d035c64e11a2"],
        ["CL8E8TQC._01_TQC._02_PinSpin:importAllArts", "a0ab11e5928c66fa"],
        ["CL8E8TQC._01_TQC._03_QuantumState transitive imports (legacy)",
         "61d04e7d93f1c38d"],
        ["CL8E8TQC._01_TQC._03_QuantumState:importAllArts", "bb9987cc155b405a"],
        ["CL8E8TQC._01_TQC._04_TQC_Universality transitive imports (legacy)",
         "abd13cc95df442b3"],
        ["CL8E8TQC._01_TQC._04_TQC_Universality:importAllArts",
         "7c5c3f3af8ff40ff"],
        ["CL8E8TQC._01_TQC._05_FTQC transitive imports (legacy)",
         "c02e0730c3710ca5"],
        ["CL8E8TQC._01_TQC._05_FTQC:importAllArts", "9e44c13be611a709"],
        ["CL8E8TQC._02_BellSAT._00_CortezKS transitive imports (legacy)",
         "00000000000006bb"],
        ["CL8E8TQC._02_BellSAT._00_CortezKS:importAllArts", "3738b10b36380363"],
        ["CL8E8TQC._02_BellSAT._01_QuantumCHSH transitive imports (legacy)",
         "cfaa0bafbb09e825"],
        ["CL8E8TQC._02_BellSAT._01_QuantumCHSH:importAllArts",
         "41df6aa2d523b4be"],
        ["CL8E8TQC._02_BellSAT._02_KSTheory transitive imports (legacy)",
         "00000000000006bb"],
        ["CL8E8TQC._02_BellSAT._02_KSTheory:importAllArts", "4001e8321ddec26b"],
        ["CL8E8TQC._03_E8Dirac._00_LieAlgebra transitive imports (legacy)",
         "d806d035c64e11a2"],
        ["CL8E8TQC._03_E8Dirac._00_LieAlgebra:importAllArts",
         "9f5db986f2f8e7b5"],
        ["CL8E8TQC._03_E8Dirac._01_A4Embedding transitive imports (legacy)",
         "a67d6d437f0079b8"],
        ["CL8E8TQC._03_E8Dirac._01_A4Embedding:importAllArts",
         "3b8bbcaab4efa0cf"],
        ["CL8E8TQC._03_E8Dirac._02_DimensionFormula transitive imports (legacy)",
         "ddbe3220bda63181"],
        ["CL8E8TQC._03_E8Dirac._02_DimensionFormula:importAllArts",
         "b3b21ef6652e77e1"],
        ["CL8E8TQC._03_E8Dirac._03_Parthasarathy transitive imports (legacy)",
         "950010bbf8b9da13"],
        ["CL8E8TQC._03_E8Dirac._03_Parthasarathy:importAllArts",
         "684acc25658692b1"],
        ["CL8E8TQC._03_E8Dirac._04_PositiveRoots transitive imports (legacy)",
         "e09c6f535f5ff0aa"],
        ["CL8E8TQC._03_E8Dirac._04_PositiveRoots:importAllArts",
         "02082c229ae91d61"],
        ["CL8E8TQC._04_CoxeterAnalysis._01_CoxeterSystem transitive imports (legacy)",
         "345ee953ca6960b6"],
        ["CL8E8TQC._04_CoxeterAnalysis._01_CoxeterSystem:importAllArts",
         "57f5d3f52c82f9ee"],
        ["CL8E8TQC._04_CoxeterAnalysis._02_DiracDynamics transitive imports (legacy)",
         "345ee953ca6960b6"],
        ["CL8E8TQC._04_CoxeterAnalysis._02_DiracDynamics:importAllArts",
         "e8ef82bec74acf70"],
        ["CL8E8TQC._04_CoxeterAnalysis._03_OrbitAnalysis transitive imports (legacy)",
         "42b42411260c5c33"],
        ["CL8E8TQC._04_CoxeterAnalysis._03_OrbitAnalysis:importAllArts",
         "d89a99a24db15cf4"],
        ["CL8E8TQC._05_SpectralTriple._00_ConnesNCG transitive imports (legacy)",
         "2d490e049667fa5a"],
        ["CL8E8TQC._05_SpectralTriple._00_ConnesNCG:importAllArts",
         "bcf89c76e1a83a56"],
        ["CL8E8TQC._05_SpectralTriple._01_DiracOp transitive imports (legacy)",
         "7371d3558f827464"],
        ["CL8E8TQC._05_SpectralTriple._01_DiracOp:importAllArts",
         "5a428eeadd8fdad2"],
        ["CL8E8TQC._05_SpectralTriple._02_DiracSquared transitive imports (legacy)",
         "94de96c0ff8a13aa"],
        ["CL8E8TQC._05_SpectralTriple._02_DiracSquared:importAllArts",
         "9767f65b0af339eb"],
        ["CL8E8TQC._05_SpectralTriple._03_Commutator transitive imports (legacy)",
         "03cf3c24df306f4c"],
        ["CL8E8TQC._05_SpectralTriple._03_Commutator:importAllArts",
         "147368a9ca78c5a2"],
        ["CL8E8TQC._06_E8Branching._00_Overview transitive imports (legacy)",
         "2d490e049667fa5a"],
        ["CL8E8TQC._06_E8Branching._00_Overview:importAllArts",
         "41aa7797700f5e6b"],
        ["CL8E8TQC._06_E8Branching._01_RouteA_Time transitive imports (legacy)",
         "4043c6bd085d7ab5"],
        ["CL8E8TQC._06_E8Branching._01_RouteA_Time:importAllArts",
         "f6b6f1d62429fd49"],
        ["CL8E8TQC._06_E8Branching._02_RouteB_Space transitive imports (legacy)",
         "4043c6bd085d7ab5"],
        ["CL8E8TQC._06_E8Branching._02_RouteB_Space:importAllArts",
         "f86bca014d324a2e"],
        ["CL8E8TQC._06_E8Branching._03_RouteC_Force transitive imports (legacy)",
         "4043c6bd085d7ab5"],
        ["CL8E8TQC._06_E8Branching._03_RouteC_Force:importAllArts",
         "a646003d239c5dc3"],
        ["CL8E8TQC._06_E8Branching._04_RouteD_Matter transitive imports (legacy)",
         "4043c6bd085d7ab5"],
        ["CL8E8TQC._06_E8Branching._04_RouteD_Matter:importAllArts",
         "f59571483bb03e61"],
        ["CL8E8TQC._06_E8Branching._05_Gravity transitive imports (legacy)",
         "4043c6bd085d7ab5"],
        ["CL8E8TQC._06_E8Branching._05_Gravity:importAllArts",
         "112aef9d69bfb842"],
        ["CL8E8TQC._07_HeatKernel._00_Framework transitive imports (legacy)",
         "d84245397658550d"],
        ["CL8E8TQC._07_HeatKernel._00_Framework:importAllArts",
         "aa272023a1b86198"],
        ["CL8E8TQC._07_HeatKernel._01_Derivation transitive imports (legacy)",
         "b8ba24d553a30050"],
        ["CL8E8TQC._07_HeatKernel._01_Derivation:importAllArts",
         "7e6ef939df18fcc3"],
        ["CL8E8TQC._08_StandardModel._00_BoundaryAxioms transitive imports (legacy)",
         "0cd8643557d2c926"],
        ["CL8E8TQC._08_StandardModel._00_BoundaryAxioms:importAllArts",
         "005141a653b527dc"],
        ["CL8E8TQC._08_StandardModel._01_Verification transitive imports (legacy)",
         "b24566a7f4373cdb"],
        ["CL8E8TQC._08_StandardModel._01_Verification:importAllArts",
         "06eff2a049d8383c"],
        ["CL8E8TQC._09_dSCFT._00_CosmologicalConstant transitive imports (legacy)",
         "0cd8643557d2c926"],
        ["CL8E8TQC._09_dSCFT._00_CosmologicalConstant:importAllArts",
         "8b4df43123e4e6fc"],
        ["CL8E8TQC._09_dSCFT._01_TEE transitive imports (legacy)",
         "dda76c3997b3f567"],
        ["CL8E8TQC._09_dSCFT._01_TEE:importAllArts", "70b6f3d01aa56ab7"],
        ["CL8E8TQC._09_dSCFT._02_dSEmergence transitive imports (legacy)",
         "bb4c2a0fdbd76826"],
        ["CL8E8TQC._09_dSCFT._02_dSEmergence:importAllArts",
         "938f3c2e0e63b839"],
        ["CL8E8TQC._20_FTQC_GP_ML._00_LinearTimeGP transitive imports (legacy)",
         "cfaa0bafbb09e825"],
        ["CL8E8TQC._20_FTQC_GP_ML._00_LinearTimeGP:importAllArts",
         "aae139dc01d8106e"],
        ["CL8E8TQC._20_FTQC_GP_ML._01_KernelCatalog transitive imports (legacy)",
         "4078b978b01f8dd4"],
        ["CL8E8TQC._20_FTQC_GP_ML._01_KernelCatalog:importAllArts",
         "c4d0a755664b3817"],
        ["CL8E8TQC._20_FTQC_GP_ML._02_DrugDiscovery_GP transitive imports (legacy)",
         "4078b978b01f8dd4"],
        ["CL8E8TQC._20_FTQC_GP_ML._02_DrugDiscovery_GP:importAllArts",
         "65e3d535f104cdc1"],
        ["CL8E8TQC._20_FTQC_GP_ML._03_MultiE8_GP transitive imports (legacy)",
         "4078b978b01f8dd4"],
        ["CL8E8TQC._20_FTQC_GP_ML._03_MultiE8_GP:importAllArts",
         "ec093430bfd5bcd1"],
        ["CL8E8TQC._20_FTQC_GP_ML._04_ActiveLearning transitive imports (legacy)",
         "561050c7cfbfbfc3"],
        ["CL8E8TQC._20_FTQC_GP_ML._04_ActiveLearning:importAllArts",
         "ac17059955a81650"],
        ["CL8E8TQC._20_FTQC_GP_ML._05_FTQC_GP_NN_Duality transitive imports (legacy)",
         "4078b978b01f8dd4"],
        ["CL8E8TQC._20_FTQC_GP_ML._05_FTQC_GP_NN_Duality:importAllArts",
         "3c3f02631c045440"],
        ["CL8E8TQC._21_QuantumDeepGP._00_LazyTraining transitive imports (legacy)",
         "1584e1e4c80dfc25"],
        ["CL8E8TQC._21_QuantumDeepGP._00_LazyTraining:importAllArts",
         "2b6d88e18a2f48c3"],
        ["CL8E8TQC._21_QuantumDeepGP._01_DeepGP_Theory transitive imports (legacy)",
         "a9711de4c5b63e81"],
        ["CL8E8TQC._21_QuantumDeepGP._01_DeepGP_Theory:importAllArts",
         "6967e8d774a97144"],
        ["CL8E8TQC._21_QuantumDeepGP._02_DiscretePathIntegral transitive imports (legacy)",
         "facba0b1f39a37d7"],
        ["CL8E8TQC._21_QuantumDeepGP._02_DiscretePathIntegral:importAllArts",
         "b81aec2db94ffcf6"],
        ["CL8E8TQC._21_QuantumDeepGP._03_QuantumInference transitive imports (legacy)",
         "f58ca91978c3077a"],
        ["CL8E8TQC._21_QuantumDeepGP._03_QuantumInference:importAllArts",
         "6fa8127f5ae6a3ad"],
        ["CL8E8TQC._21_QuantumDeepGP._04_LayerDepthCorrespondence transitive imports (legacy)",
         "60e6d53c43bdf251"],
        ["CL8E8TQC._21_QuantumDeepGP._04_LayerDepthCorrespondence:importAllArts",
         "1054d4a2f72c9b9b"],
        ["CL8E8TQC._22_ExactDeepBayesianOptimization._00_ExactDeepBO transitive imports (legacy)",
         "66f7a16f03f9698a"],
        ["CL8E8TQC._22_ExactDeepBayesianOptimization._00_ExactDeepBO:importAllArts",
         "ad3eaa561ad644c1"],
        ["CL8E8TQC._22_ExactDeepBayesianOptimization._01_NN_vs_GP transitive imports (legacy)",
         "444d6c6e18686952"],
        ["CL8E8TQC._22_ExactDeepBayesianOptimization._01_NN_vs_GP:importAllArts",
         "81218fe2404a9ca7"]]]]],
    ["libs",
     [["import dynlibs", "00000000000006bb"],
      ["package external libraries", "00000000000006bb"],
      ["module dynlibs", "00000000000006bb"],
      ["module plugins", "00000000000006bb"]]]]],
  ["Lean 4.25.0, commit v4.25.0", "9c3a3ade3a41d5d0"],
  ["/home/ken/Documents/8bit-physics/____working/_en/CL8E8TQC.lean",
   "160f96f5a039221b"],
  ["options", "00000000000006bb"],
  ["Module.leanArgs: #[]", "00000000000006bb"]],
 "depHash": "39e93be76817bba5"}