{"synthetic": false,
 "schemaVersion": "2025-09-10",
 "outputs":
 {"o": ["6d40bb807c42730a.olean"],
  "i": "72057b98e38ea1de.ilean",
  "c": "3d2c5f108f129065.c"},
 "log":
 [{"message":
   ".> LEAN_PATH=/home/ken/Documents/8bit-physics/____working/_en/.lake/build/lib/lean /nix/store/4gr3n4nrp0xxgykyyzdxi3xjj2ikn5x1-lean4-4.25.0/bin/lean /home/ken/Documents/8bit-physics/____working/_en/CL8E8TQC/_06_E8Branching/_00_Overview.lean -o /home/ken/Documents/8bit-physics/____working/_en/.lake/build/lib/lean/CL8E8TQC/_06_E8Branching/_00_Overview.olean -i /home/ken/Documents/8bit-physics/____working/_en/.lake/build/lib/lean/CL8E8TQC/_06_E8Branching/_00_Overview.ilean -c /home/ken/Documents/8bit-physics/____working/_en/.lake/build/ir/CL8E8TQC/_06_E8Branching/_00_Overview.c --setup /home/ken/Documents/8bit-physics/____working/_en/.lake/build/ir/CL8E8TQC/_06_E8Branching/_00_Overview.setup.json --json",
   "level": "trace"}],
 "inputs":
 [["CL8E8TQC._06_E8Branching._00_Overview:deps",
   [["deps",
     [["CL8E8TQC/CL8E8TQC:extraDep",
       [["@CL8E8TQC:extraDep", "00000000000006bb"]]],
      ["imports",
       [["CL8E8TQC._03_E8Dirac._04_PositiveRoots transitive imports (legacy)",
         "e09c6f535f5ff0aa"],
        ["CL8E8TQC._03_E8Dirac._04_PositiveRoots:importAllArts",
         "02082c229ae91d61"]]]]],
    ["libs",
     [["import dynlibs", "00000000000006bb"],
      ["package external libraries", "00000000000006bb"],
      ["module dynlibs", "00000000000006bb"],
      ["module plugins", "00000000000006bb"]]]]],
  ["Lean 4.25.0, commit v4.25.0", "9c3a3ade3a41d5d0"],
  ["/home/ken/Documents/8bit-physics/____working/_en/CL8E8TQC/_06_E8Branching/_00_Overview.lean",
   "998e2f690c793bdb"],
  ["options", "00000000000006bb"],
  ["Module.leanArgs: #[]", "00000000000006bb"]],
 "depHash": "c7e0ca49833f04a4"}