{"synthetic": false,
 "schemaVersion": "2025-09-10",
 "outputs":
 {"o": ["9c1e2203cb02e8aa.olean"],
  "i": "8685b6cc872fbdc1.ilean",
  "c": "b798501e297c6822.c"},
 "log":
 [{"message":
   ".> LEAN_PATH=/home/ken/Documents/8bit-physics/____working/_en/.lake/build/lib/lean /nix/store/4gr3n4nrp0xxgykyyzdxi3xjj2ikn5x1-lean4-4.25.0/bin/lean /home/ken/Documents/8bit-physics/____working/_en/CL8E8TQC/_06_E8Branching/_01_RouteA_Time.lean -o /home/ken/Documents/8bit-physics/____working/_en/.lake/build/lib/lean/CL8E8TQC/_06_E8Branching/_01_RouteA_Time.olean -i /home/ken/Documents/8bit-physics/____working/_en/.lake/build/lib/lean/CL8E8TQC/_06_E8Branching/_01_RouteA_Time.ilean -c /home/ken/Documents/8bit-physics/____working/_en/.lake/build/ir/CL8E8TQC/_06_E8Branching/_01_RouteA_Time.c --setup /home/ken/Documents/8bit-physics/____working/_en/.lake/build/ir/CL8E8TQC/_06_E8Branching/_01_RouteA_Time.setup.json --json",
   "level": "trace"}],
 "inputs":
 [["CL8E8TQC._06_E8Branching._01_RouteA_Time:deps",
   [["deps",
     [["CL8E8TQC/CL8E8TQC:extraDep",
       [["@CL8E8TQC:extraDep", "00000000000006bb"]]],
      ["imports",
       [["CL8E8TQC._06_E8Branching._00_Overview transitive imports (legacy)",
         "2d490e049667fa5a"],
        ["CL8E8TQC._06_E8Branching._00_Overview:importAllArts",
         "41aa7797700f5e6b"]]]]],
    ["libs",
     [["import dynlibs", "00000000000006bb"],
      ["package external libraries", "00000000000006bb"],
      ["module dynlibs", "00000000000006bb"],
      ["module plugins", "00000000000006bb"]]]]],
  ["Lean 4.25.0, commit v4.25.0", "9c3a3ade3a41d5d0"],
  ["/home/ken/Documents/8bit-physics/____working/_en/CL8E8TQC/_06_E8Branching/_01_RouteA_Time.lean",
   "225158bc98d5b6bc"],
  ["options", "00000000000006bb"],
  ["Module.leanArgs: #[]", "00000000000006bb"]],
 "depHash": "2323b222a74e5238"}