{"synthetic": false,
 "schemaVersion": "2025-09-10",
 "outputs":
 {"o": ["7a2ee843f58931e1.olean"],
  "i": "ee462e5fd3942787.ilean",
  "c": "ab1573b9514eb8d1.c"},
 "log":
 [{"message":
   ".> LEAN_PATH=/home/ken/Documents/8bit-physics/____working/_en/.lake/build/lib/lean /nix/store/4gr3n4nrp0xxgykyyzdxi3xjj2ikn5x1-lean4-4.25.0/bin/lean /home/ken/Documents/8bit-physics/____working/_en/CL8E8TQC/_09_dSCFT/_00_CosmologicalConstant.lean -o /home/ken/Documents/8bit-physics/____working/_en/.lake/build/lib/lean/CL8E8TQC/_09_dSCFT/_00_CosmologicalConstant.olean -i /home/ken/Documents/8bit-physics/____working/_en/.lake/build/lib/lean/CL8E8TQC/_09_dSCFT/_00_CosmologicalConstant.ilean -c /home/ken/Documents/8bit-physics/____working/_en/.lake/build/ir/CL8E8TQC/_09_dSCFT/_00_CosmologicalConstant.c --setup /home/ken/Documents/8bit-physics/____working/_en/.lake/build/ir/CL8E8TQC/_09_dSCFT/_00_CosmologicalConstant.setup.json --json",
   "level": "trace"}],
 "inputs":
 [["CL8E8TQC._09_dSCFT._00_CosmologicalConstant:deps",
   [["deps",
     [["CL8E8TQC/CL8E8TQC:extraDep",
       [["@CL8E8TQC:extraDep", "00000000000006bb"]]],
      ["imports",
       [["CL8E8TQC._07_HeatKernel._01_Derivation transitive imports (legacy)",
         "b8ba24d553a30050"],
        ["CL8E8TQC._07_HeatKernel._01_Derivation:importAllArts",
         "7e6ef939df18fcc3"]]]]],
    ["libs",
     [["import dynlibs", "00000000000006bb"],
      ["package external libraries", "00000000000006bb"],
      ["module dynlibs", "00000000000006bb"],
      ["module plugins", "00000000000006bb"]]]]],
  ["Lean 4.25.0, commit v4.25.0", "9c3a3ade3a41d5d0"],
  ["/home/ken/Documents/8bit-physics/____working/_en/CL8E8TQC/_09_dSCFT/_00_CosmologicalConstant.lean",
   "123ec3e6b6662697"],
  ["options", "00000000000006bb"],
  ["Module.leanArgs: #[]", "00000000000006bb"]],
 "depHash": "0b26da19b573077c"}