{"synthetic": false,
 "schemaVersion": "2025-09-10",
 "outputs":
 {"o": ["30f9eab92e3aeb94.olean"],
  "i": "3594a6df9b57537c.ilean",
  "c": "685367e6ddd51653.c"},
 "log":
 [{"message":
   ".> LEAN_PATH=/home/ken/Documents/8bit-physics/____working/_en/.lake/build/lib/lean /nix/store/4gr3n4nrp0xxgykyyzdxi3xjj2ikn5x1-lean4-4.25.0/bin/lean /home/ken/Documents/8bit-physics/____working/_en/CL8E8TQC/_09_dSCFT/_01_TEE.lean -o /home/ken/Documents/8bit-physics/____working/_en/.lake/build/lib/lean/CL8E8TQC/_09_dSCFT/_01_TEE.olean -i /home/ken/Documents/8bit-physics/____working/_en/.lake/build/lib/lean/CL8E8TQC/_09_dSCFT/_01_TEE.ilean -c /home/ken/Documents/8bit-physics/____working/_en/.lake/build/ir/CL8E8TQC/_09_dSCFT/_01_TEE.c --setup /home/ken/Documents/8bit-physics/____working/_en/.lake/build/ir/CL8E8TQC/_09_dSCFT/_01_TEE.setup.json --json",
   "level": "trace"}],
 "inputs":
 [["CL8E8TQC._09_dSCFT._01_TEE:deps",
   [["deps",
     [["CL8E8TQC/CL8E8TQC:extraDep",
       [["@CL8E8TQC:extraDep", "00000000000006bb"]]],
      ["imports",
       [["CL8E8TQC._09_dSCFT._00_CosmologicalConstant transitive imports (legacy)",
         "0cd8643557d2c926"],
        ["CL8E8TQC._09_dSCFT._00_CosmologicalConstant:importAllArts",
         "8b4df43123e4e6fc"]]]]],
    ["libs",
     [["import dynlibs", "00000000000006bb"],
      ["package external libraries", "00000000000006bb"],
      ["module dynlibs", "00000000000006bb"],
      ["module plugins", "00000000000006bb"]]]]],
  ["Lean 4.25.0, commit v4.25.0", "9c3a3ade3a41d5d0"],
  ["/home/ken/Documents/8bit-physics/____working/_en/CL8E8TQC/_09_dSCFT/_01_TEE.lean",
   "beb4d3367c6f03de"],
  ["options", "00000000000006bb"],
  ["Module.leanArgs: #[]", "00000000000006bb"]],
 "depHash": "5090711c724d6897"}