{"synthetic": false,
 "schemaVersion": "2025-09-10",
 "outputs":
 {"o": ["ab3967287ae7f302.olean"],
  "i": "81aebc74fd2ad5c1.ilean",
  "c": "e1edd9586faed076.c"},
 "log":
 [{"message":
   ".> LEAN_PATH=/home/ken/Documents/8bit-physics/____working/_en/.lake/build/lib/lean /nix/store/4gr3n4nrp0xxgykyyzdxi3xjj2ikn5x1-lean4-4.25.0/bin/lean /home/ken/Documents/8bit-physics/____working/_en/CL8E8TQC/_09_dSCFT/_02_dSEmergence.lean -o /home/ken/Documents/8bit-physics/____working/_en/.lake/build/lib/lean/CL8E8TQC/_09_dSCFT/_02_dSEmergence.olean -i /home/ken/Documents/8bit-physics/____working/_en/.lake/build/lib/lean/CL8E8TQC/_09_dSCFT/_02_dSEmergence.ilean -c /home/ken/Documents/8bit-physics/____working/_en/.lake/build/ir/CL8E8TQC/_09_dSCFT/_02_dSEmergence.c --setup /home/ken/Documents/8bit-physics/____working/_en/.lake/build/ir/CL8E8TQC/_09_dSCFT/_02_dSEmergence.setup.json --json",
   "level": "trace"}],
 "inputs":
 [["CL8E8TQC._09_dSCFT._02_dSEmergence:deps",
   [["deps",
     [["CL8E8TQC/CL8E8TQC:extraDep",
       [["@CL8E8TQC:extraDep", "00000000000006bb"]]],
      ["imports",
       [["CL8E8TQC._09_dSCFT._01_TEE transitive imports (legacy)",
         "dda76c3997b3f567"],
        ["CL8E8TQC._09_dSCFT._01_TEE:importAllArts", "70b6f3d01aa56ab7"]]]]],
    ["libs",
     [["import dynlibs", "00000000000006bb"],
      ["package external libraries", "00000000000006bb"],
      ["module dynlibs", "00000000000006bb"],
      ["module plugins", "00000000000006bb"]]]]],
  ["Lean 4.25.0, commit v4.25.0", "9c3a3ade3a41d5d0"],
  ["/home/ken/Documents/8bit-physics/____working/_en/CL8E8TQC/_09_dSCFT/_02_dSEmergence.lean",
   "22fad434199e0329"],
  ["options", "00000000000006bb"],
  ["Module.leanArgs: #[]", "00000000000006bb"]],
 "depHash": "632e64fa252ad5cc"}