{"synthetic": false,
 "schemaVersion": "2025-09-10",
 "outputs":
 {"o": ["6c15b864c3b094d6.olean"],
  "i": "a5db1b02040c2e22.ilean",
  "c": "6851699ca864c690.c"},
 "log":
 [{"message":
   ".> LEAN_PATH=/home/ken/Documents/8bit-physics/____working/_en/.lake/build/lib/lean /nix/store/4gr3n4nrp0xxgykyyzdxi3xjj2ikn5x1-lean4-4.25.0/bin/lean /home/ken/Documents/8bit-physics/____working/_en/CL8E8TQC/_01_TQC/_01_Cl8E8H84.lean -o /home/ken/Documents/8bit-physics/____working/_en/.lake/build/lib/lean/CL8E8TQC/_01_TQC/_01_Cl8E8H84.olean -i /home/ken/Documents/8bit-physics/____working/_en/.lake/build/lib/lean/CL8E8TQC/_01_TQC/_01_Cl8E8H84.ilean -c /home/ken/Documents/8bit-physics/____working/_en/.lake/build/ir/CL8E8TQC/_01_TQC/_01_Cl8E8H84.c --setup /home/ken/Documents/8bit-physics/____working/_en/.lake/build/ir/CL8E8TQC/_01_TQC/_01_Cl8E8H84.setup.json --json",
   "level": "trace"}],
 "inputs":
 [["CL8E8TQC._01_TQC._01_Cl8E8H84:deps",
   [["deps",
     [["CL8E8TQC/CL8E8TQC:extraDep",
       [["@CL8E8TQC:extraDep", "00000000000006bb"]]],
      ["imports", "00000000000006bb"]]],
    ["libs",
     [["import dynlibs", "00000000000006bb"],
      ["package external libraries", "00000000000006bb"],
      ["module dynlibs", "00000000000006bb"],
      ["module plugins", "00000000000006bb"]]]]],
  ["Lean 4.25.0, commit v4.25.0", "9c3a3ade3a41d5d0"],
  ["/home/ken/Documents/8bit-physics/____working/_en/CL8E8TQC/_01_TQC/_01_Cl8E8H84.lean",
   "493b4b6921ea9bcc"],
  ["options", "00000000000006bb"],
  ["Module.leanArgs: #[]", "00000000000006bb"]],
 "depHash": "ec995e5bca37e399"}