{"synthetic": false,
 "schemaVersion": "2025-09-10",
 "outputs":
 {"o": ["35fe22611faf4c12.olean"],
  "i": "929d630f3351969f.ilean",
  "c": "99e691ae834f0be9.c"},
 "log":
 [{"message":
   ".> LEAN_PATH=/home/ken/Documents/8bit-physics/____working/_en/.lake/build/lib/lean /nix/store/4gr3n4nrp0xxgykyyzdxi3xjj2ikn5x1-lean4-4.25.0/bin/lean /home/ken/Documents/8bit-physics/____working/_en/CL8E8TQC/_01_TQC/_03_QuantumState.lean -o /home/ken/Documents/8bit-physics/____working/_en/.lake/build/lib/lean/CL8E8TQC/_01_TQC/_03_QuantumState.olean -i /home/ken/Documents/8bit-physics/____working/_en/.lake/build/lib/lean/CL8E8TQC/_01_TQC/_03_QuantumState.ilean -c /home/ken/Documents/8bit-physics/____working/_en/.lake/build/ir/CL8E8TQC/_01_TQC/_03_QuantumState.c --setup /home/ken/Documents/8bit-physics/____working/_en/.lake/build/ir/CL8E8TQC/_01_TQC/_03_QuantumState.setup.json --json",
   "level": "trace"}],
 "inputs":
 [["CL8E8TQC._01_TQC._03_QuantumState:deps",
   [["deps",
     [["CL8E8TQC/CL8E8TQC:extraDep",
       [["@CL8E8TQC:extraDep", "00000000000006bb"]]],
      ["imports",
       [["CL8E8TQC._01_TQC._01_Cl8E8H84 transitive imports (legacy)",
         "00000000000006bb"],
        ["CL8E8TQC._01_TQC._01_Cl8E8H84:importAllArts", "59572eb2ddbe8b75"],
        ["CL8E8TQC._01_TQC._02_PinSpin transitive imports (legacy)",
         "d806d035c64e11a2"],
        ["CL8E8TQC._01_TQC._02_PinSpin:importAllArts", "a0ab11e5928c66fa"]]]]],
    ["libs",
     [["import dynlibs", "00000000000006bb"],
      ["package external libraries", "00000000000006bb"],
      ["module dynlibs", "00000000000006bb"],
      ["module plugins", "00000000000006bb"]]]]],
  ["Lean 4.25.0, commit v4.25.0", "9c3a3ade3a41d5d0"],
  ["/home/ken/Documents/8bit-physics/____working/_en/CL8E8TQC/_01_TQC/_03_QuantumState.lean",
   "19d6b5f6857bb00d"],
  ["options", "00000000000006bb"],
  ["Module.leanArgs: #[]", "00000000000006bb"]],
 "depHash": "d3daff320c599040"}