{"synthetic": false,
 "schemaVersion": "2025-09-10",
 "outputs":
 {"o": ["c55b15362fbcee0f.olean"],
  "i": "8b740dedd1413d93.ilean",
  "c": "513cbdaba1cc23cc.c"},
 "log":
 [{"message":
   ".> LEAN_PATH=/home/ken/Documents/8bit-physics/____working/_en/.lake/build/lib/lean /nix/store/4gr3n4nrp0xxgykyyzdxi3xjj2ikn5x1-lean4-4.25.0/bin/lean /home/ken/Documents/8bit-physics/____working/_en/CL8E8TQC/_01_TQC/_04_TQC_Universality.lean -o /home/ken/Documents/8bit-physics/____working/_en/.lake/build/lib/lean/CL8E8TQC/_01_TQC/_04_TQC_Universality.olean -i /home/ken/Documents/8bit-physics/____working/_en/.lake/build/lib/lean/CL8E8TQC/_01_TQC/_04_TQC_Universality.ilean -c /home/ken/Documents/8bit-physics/____working/_en/.lake/build/ir/CL8E8TQC/_01_TQC/_04_TQC_Universality.c --setup /home/ken/Documents/8bit-physics/____working/_en/.lake/build/ir/CL8E8TQC/_01_TQC/_04_TQC_Universality.setup.json --json",
   "level": "trace"}],
 "inputs":
 [["CL8E8TQC._01_TQC._04_TQC_Universality:deps",
   [["deps",
     [["CL8E8TQC/CL8E8TQC:extraDep",
       [["@CL8E8TQC:extraDep", "00000000000006bb"]]],
      ["imports",
       [["CL8E8TQC._01_TQC._02_PinSpin transitive imports (legacy)",
         "d806d035c64e11a2"],
        ["CL8E8TQC._01_TQC._02_PinSpin:importAllArts", "a0ab11e5928c66fa"],
        ["CL8E8TQC._20_FTQC_GP_ML._00_LinearTimeGP transitive imports (legacy)",
         "cfaa0bafbb09e825"],
        ["CL8E8TQC._20_FTQC_GP_ML._00_LinearTimeGP:importAllArts",
         "aae139dc01d8106e"]]]]],
    ["libs",
     [["import dynlibs", "00000000000006bb"],
      ["package external libraries", "00000000000006bb"],
      ["module dynlibs", "00000000000006bb"],
      ["module plugins", "00000000000006bb"]]]]],
  ["Lean 4.25.0, commit v4.25.0", "9c3a3ade3a41d5d0"],
  ["/home/ken/Documents/8bit-physics/____working/_en/CL8E8TQC/_01_TQC/_04_TQC_Universality.lean",
   "df6d91e8bb77b0ed"],
  ["options", "00000000000006bb"],
  ["Module.leanArgs: #[]", "00000000000006bb"]],
 "depHash": "7c1241efc6d6c4b4"}