{"synthetic": false,
 "schemaVersion": "2025-09-10",
 "outputs":
 {"o": ["d1722b453773e6e2.olean"],
  "i": "025256cf0f7cd7c1.ilean",
  "c": "e677066521aff03c.c"},
 "log":
 [{"message":
   ".> LEAN_PATH=/home/ken/Documents/8bit-physics/____working/_en/.lake/build/lib/lean /nix/store/4gr3n4nrp0xxgykyyzdxi3xjj2ikn5x1-lean4-4.25.0/bin/lean /home/ken/Documents/8bit-physics/____working/_en/CL8E8TQC/_01_TQC/_05_FTQC.lean -o /home/ken/Documents/8bit-physics/____working/_en/.lake/build/lib/lean/CL8E8TQC/_01_TQC/_05_FTQC.olean -i /home/ken/Documents/8bit-physics/____working/_en/.lake/build/lib/lean/CL8E8TQC/_01_TQC/_05_FTQC.ilean -c /home/ken/Documents/8bit-physics/____working/_en/.lake/build/ir/CL8E8TQC/_01_TQC/_05_FTQC.c --setup /home/ken/Documents/8bit-physics/____working/_en/.lake/build/ir/CL8E8TQC/_01_TQC/_05_FTQC.setup.json --json",
   "level": "trace"}],
 "inputs":
 [["CL8E8TQC._01_TQC._05_FTQC:deps",
   [["deps",
     [["CL8E8TQC/CL8E8TQC:extraDep",
       [["@CL8E8TQC:extraDep", "00000000000006bb"]]],
      ["imports",
       [["CL8E8TQC._01_TQC._03_QuantumState transitive imports (legacy)",
         "61d04e7d93f1c38d"],
        ["CL8E8TQC._01_TQC._03_QuantumState:importAllArts", "bb9987cc155b405a"],
        ["CL8E8TQC._01_TQC._04_TQC_Universality transitive imports (legacy)",
         "abd13cc95df442b3"],
        ["CL8E8TQC._01_TQC._04_TQC_Universality:importAllArts",
         "7c5c3f3af8ff40ff"]]]]],
    ["libs",
     [["import dynlibs", "00000000000006bb"],
      ["package external libraries", "00000000000006bb"],
      ["module dynlibs", "00000000000006bb"],
      ["module plugins", "00000000000006bb"]]]]],
  ["Lean 4.25.0, commit v4.25.0", "9c3a3ade3a41d5d0"],
  ["/home/ken/Documents/8bit-physics/____working/_en/CL8E8TQC/_01_TQC/_05_FTQC.lean",
   "0b327db40d3aede5"],
  ["options", "00000000000006bb"],
  ["Module.leanArgs: #[]", "00000000000006bb"]],
 "depHash": "9577cdd318d64d99"}