{"synthetic": false,
 "schemaVersion": "2025-09-10",
 "outputs":
 {"o": ["7e38bf3e0ce2bc00.olean"],
  "i": "650f2b5ae569eb23.ilean",
  "c": "6e41352cbce811c7.c"},
 "log":
 [{"message":
   ".> LEAN_PATH=/home/ken/Documents/8bit-physics/____working/_en/.lake/build/lib/lean /nix/store/4gr3n4nrp0xxgykyyzdxi3xjj2ikn5x1-lean4-4.25.0/bin/lean /home/ken/Documents/8bit-physics/____working/_en/CL8E8TQC/_22_ExactDeepBayesianOptimization/_00_ExactDeepBO.lean -o /home/ken/Documents/8bit-physics/____working/_en/.lake/build/lib/lean/CL8E8TQC/_22_ExactDeepBayesianOptimization/_00_ExactDeepBO.olean -i /home/ken/Documents/8bit-physics/____working/_en/.lake/build/lib/lean/CL8E8TQC/_22_ExactDeepBayesianOptimization/_00_ExactDeepBO.ilean -c /home/ken/Documents/8bit-physics/____working/_en/.lake/build/ir/CL8E8TQC/_22_ExactDeepBayesianOptimization/_00_ExactDeepBO.c --setup /home/ken/Documents/8bit-physics/____working/_en/.lake/build/ir/CL8E8TQC/_22_ExactDeepBayesianOptimization/_00_ExactDeepBO.setup.json --json",
   "level": "trace"}],
 "inputs":
 [["CL8E8TQC._22_ExactDeepBayesianOptimization._00_ExactDeepBO:deps",
   [["deps",
     [["CL8E8TQC/CL8E8TQC:extraDep",
       [["@CL8E8TQC:extraDep", "00000000000006bb"]]],
      ["imports",
       [["CL8E8TQC._20_FTQC_GP_ML._03_MultiE8_GP transitive imports (legacy)",
         "4078b978b01f8dd4"],
        ["CL8E8TQC._20_FTQC_GP_ML._03_MultiE8_GP:importAllArts",
         "ec093430bfd5bcd1"],
        ["CL8E8TQC._21_QuantumDeepGP._02_DiscretePathIntegral transitive imports (legacy)",
         "facba0b1f39a37d7"],
        ["CL8E8TQC._21_QuantumDeepGP._02_DiscretePathIntegral:importAllArts",
         "b81aec2db94ffcf6"]]]]],
    ["libs",
     [["import dynlibs", "00000000000006bb"],
      ["package external libraries", "00000000000006bb"],
      ["module dynlibs", "00000000000006bb"],
      ["module plugins", "00000000000006bb"]]]]],
  ["Lean 4.25.0, commit v4.25.0", "9c3a3ade3a41d5d0"],
  ["/home/ken/Documents/8bit-physics/____working/_en/CL8E8TQC/_22_ExactDeepBayesianOptimization/_00_ExactDeepBO.lean",
   "cf3b8848f678357d"],
  ["options", "00000000000006bb"],
  ["Module.leanArgs: #[]", "00000000000006bb"]],
 "depHash": "1751f92be3e8dd7d"}