{"synthetic": false,
 "schemaVersion": "2025-09-10",
 "outputs":
 {"o": ["da6547dfbf63865a.olean"],
  "i": "6a37b736472cf2c4.ilean",
  "c": "4334a392227dc6b5.c"},
 "log":
 [{"message":
   ".> LEAN_PATH=/home/ken/Documents/8bit-physics/____working/_en/.lake/build/lib/lean /nix/store/4gr3n4nrp0xxgykyyzdxi3xjj2ikn5x1-lean4-4.25.0/bin/lean /home/ken/Documents/8bit-physics/____working/_en/CL8E8TQC/_22_ExactDeepBayesianOptimization/_01_NN_vs_GP.lean -o /home/ken/Documents/8bit-physics/____working/_en/.lake/build/lib/lean/CL8E8TQC/_22_ExactDeepBayesianOptimization/_01_NN_vs_GP.olean -i /home/ken/Documents/8bit-physics/____working/_en/.lake/build/lib/lean/CL8E8TQC/_22_ExactDeepBayesianOptimization/_01_NN_vs_GP.ilean -c /home/ken/Documents/8bit-physics/____working/_en/.lake/build/ir/CL8E8TQC/_22_ExactDeepBayesianOptimization/_01_NN_vs_GP.c --setup /home/ken/Documents/8bit-physics/____working/_en/.lake/build/ir/CL8E8TQC/_22_ExactDeepBayesianOptimization/_01_NN_vs_GP.setup.json --json",
   "level": "trace"}],
 "inputs":
 [["CL8E8TQC._22_ExactDeepBayesianOptimization._01_NN_vs_GP:deps",
   [["deps",
     [["CL8E8TQC/CL8E8TQC:extraDep",
       [["@CL8E8TQC:extraDep", "00000000000006bb"]]],
      ["imports",
       [["CL8E8TQC._22_ExactDeepBayesianOptimization._00_ExactDeepBO transitive imports (legacy)",
         "66f7a16f03f9698a"],
        ["CL8E8TQC._22_ExactDeepBayesianOptimization._00_ExactDeepBO:importAllArts",
         "ad3eaa561ad644c1"]]]]],
    ["libs",
     [["import dynlibs", "00000000000006bb"],
      ["package external libraries", "00000000000006bb"],
      ["module dynlibs", "00000000000006bb"],
      ["module plugins", "00000000000006bb"]]]]],
  ["Lean 4.25.0, commit v4.25.0", "9c3a3ade3a41d5d0"],
  ["/home/ken/Documents/8bit-physics/____working/_en/CL8E8TQC/_22_ExactDeepBayesianOptimization/_01_NN_vs_GP.lean",
   "28e0849702387580"],
  ["options", "00000000000006bb"],
  ["Module.leanArgs: #[]", "00000000000006bb"]],
 "depHash": "81a837b50aa849a1"}