{"synthetic": false,
 "schemaVersion": "2025-09-10",
 "outputs":
 {"o": ["1e84fa4e561c8787.olean"],
  "i": "3661a1592d4624f3.ilean",
  "c": "367a525de12ddd47.c"},
 "log":
 [{"message":
   ".> LEAN_PATH=/home/ken/Documents/8bit-physics/____working/_en/.lake/build/lib/lean /nix/store/4gr3n4nrp0xxgykyyzdxi3xjj2ikn5x1-lean4-4.25.0/bin/lean /home/ken/Documents/8bit-physics/____working/_en/CL8E8TQC/_03_E8Dirac/_00_LieAlgebra.lean -o /home/ken/Documents/8bit-physics/____working/_en/.lake/build/lib/lean/CL8E8TQC/_03_E8Dirac/_00_LieAlgebra.olean -i /home/ken/Documents/8bit-physics/____working/_en/.lake/build/lib/lean/CL8E8TQC/_03_E8Dirac/_00_LieAlgebra.ilean -c /home/ken/Documents/8bit-physics/____working/_en/.lake/build/ir/CL8E8TQC/_03_E8Dirac/_00_LieAlgebra.c --setup /home/ken/Documents/8bit-physics/____working/_en/.lake/build/ir/CL8E8TQC/_03_E8Dirac/_00_LieAlgebra.setup.json --json",
   "level": "trace"}],
 "inputs":
 [["CL8E8TQC._03_E8Dirac._00_LieAlgebra:deps",
   [["deps",
     [["CL8E8TQC/CL8E8TQC:extraDep",
       [["@CL8E8TQC:extraDep", "00000000000006bb"]]],
      ["imports",
       [["CL8E8TQC._01_TQC._01_Cl8E8H84 transitive imports (legacy)",
         "00000000000006bb"],
        ["CL8E8TQC._01_TQC._01_Cl8E8H84:importAllArts", "59572eb2ddbe8b75"]]]]],
    ["libs",
     [["import dynlibs", "00000000000006bb"],
      ["package external libraries", "00000000000006bb"],
      ["module dynlibs", "00000000000006bb"],
      ["module plugins", "00000000000006bb"]]]]],
  ["Lean 4.25.0, commit v4.25.0", "9c3a3ade3a41d5d0"],
  ["/home/ken/Documents/8bit-physics/____working/_en/CL8E8TQC/_03_E8Dirac/_00_LieAlgebra.lean",
   "4e3cba002eb837bd"],
  ["options", "00000000000006bb"],
  ["Module.leanArgs: #[]", "00000000000006bb"]],
 "depHash": "9e7125627f49e82a"}