{"synthetic": false,
 "schemaVersion": "2025-09-10",
 "outputs":
 {"o": ["42803e7c6f7af744.olean"],
  "i": "5c7943e14e47b35e.ilean",
  "c": "5d5735f765a00462.c"},
 "log":
 [{"message":
   ".> LEAN_PATH=/home/ken/Documents/8bit-physics/____working/_en/.lake/build/lib/lean /nix/store/4gr3n4nrp0xxgykyyzdxi3xjj2ikn5x1-lean4-4.25.0/bin/lean /home/ken/Documents/8bit-physics/____working/_en/CL8E8TQC/_03_E8Dirac/_01_A4Embedding.lean -o /home/ken/Documents/8bit-physics/____working/_en/.lake/build/lib/lean/CL8E8TQC/_03_E8Dirac/_01_A4Embedding.olean -i /home/ken/Documents/8bit-physics/____working/_en/.lake/build/lib/lean/CL8E8TQC/_03_E8Dirac/_01_A4Embedding.ilean -c /home/ken/Documents/8bit-physics/____working/_en/.lake/build/ir/CL8E8TQC/_03_E8Dirac/_01_A4Embedding.c --setup /home/ken/Documents/8bit-physics/____working/_en/.lake/build/ir/CL8E8TQC/_03_E8Dirac/_01_A4Embedding.setup.json --json",
   "level": "trace"}],
 "inputs":
 [["CL8E8TQC._03_E8Dirac._01_A4Embedding:deps",
   [["deps",
     [["CL8E8TQC/CL8E8TQC:extraDep",
       [["@CL8E8TQC:extraDep", "00000000000006bb"]]],
      ["imports",
       [["CL8E8TQC._03_E8Dirac._00_LieAlgebra transitive imports (legacy)",
         "d806d035c64e11a2"],
        ["CL8E8TQC._03_E8Dirac._00_LieAlgebra:importAllArts",
         "9f5db986f2f8e7b5"]]]]],
    ["libs",
     [["import dynlibs", "00000000000006bb"],
      ["package external libraries", "00000000000006bb"],
      ["module dynlibs", "00000000000006bb"],
      ["module plugins", "00000000000006bb"]]]]],
  ["Lean 4.25.0, commit v4.25.0", "9c3a3ade3a41d5d0"],
  ["/home/ken/Documents/8bit-physics/____working/_en/CL8E8TQC/_03_E8Dirac/_01_A4Embedding.lean",
   "c837091475d2559d"],
  ["options", "00000000000006bb"],
  ["Module.leanArgs: #[]", "00000000000006bb"]],
 "depHash": "5cd4f58f24928629"}