{"synthetic": false,
 "schemaVersion": "2025-09-10",
 "outputs":
 {"o": ["76ef3ab344e59d78.olean"],
  "i": "1783cf3b78d5673b.ilean",
  "c": "3bdcbaae7f54e30e.c"},
 "log":
 [{"message":
   ".> LEAN_PATH=/home/ken/Documents/8bit-physics/____working/_en/.lake/build/lib/lean /nix/store/4gr3n4nrp0xxgykyyzdxi3xjj2ikn5x1-lean4-4.25.0/bin/lean /home/ken/Documents/8bit-physics/____working/_en/CL8E8TQC/_03_E8Dirac/_02_DimensionFormula.lean -o /home/ken/Documents/8bit-physics/____working/_en/.lake/build/lib/lean/CL8E8TQC/_03_E8Dirac/_02_DimensionFormula.olean -i /home/ken/Documents/8bit-physics/____working/_en/.lake/build/lib/lean/CL8E8TQC/_03_E8Dirac/_02_DimensionFormula.ilean -c /home/ken/Documents/8bit-physics/____working/_en/.lake/build/ir/CL8E8TQC/_03_E8Dirac/_02_DimensionFormula.c --setup /home/ken/Documents/8bit-physics/____working/_en/.lake/build/ir/CL8E8TQC/_03_E8Dirac/_02_DimensionFormula.setup.json --json",
   "level": "trace"}],
 "inputs":
 [["CL8E8TQC._03_E8Dirac._02_DimensionFormula:deps",
   [["deps",
     [["CL8E8TQC/CL8E8TQC:extraDep",
       [["@CL8E8TQC:extraDep", "00000000000006bb"]]],
      ["imports",
       [["CL8E8TQC._03_E8Dirac._01_A4Embedding transitive imports (legacy)",
         "a67d6d437f0079b8"],
        ["CL8E8TQC._03_E8Dirac._01_A4Embedding:importAllArts",
         "3b8bbcaab4efa0cf"]]]]],
    ["libs",
     [["import dynlibs", "00000000000006bb"],
      ["package external libraries", "00000000000006bb"],
      ["module dynlibs", "00000000000006bb"],
      ["module plugins", "00000000000006bb"]]]]],
  ["Lean 4.25.0, commit v4.25.0", "9c3a3ade3a41d5d0"],
  ["/home/ken/Documents/8bit-physics/____working/_en/CL8E8TQC/_03_E8Dirac/_02_DimensionFormula.lean",
   "c86bc6f6e80b8e42"],
  ["options", "00000000000006bb"],
  ["Module.leanArgs: #[]", "00000000000006bb"]],
 "depHash": "ff7c9c00f0513419"}