{"synthetic": false,
 "schemaVersion": "2025-09-10",
 "outputs":
 {"o": ["f28fb4317e5f43f1.olean"],
  "i": "a2855288a237cb21.ilean",
  "c": "ca056e53eede644a.c"},
 "log":
 [{"message":
   ".> LEAN_PATH=/home/ken/Documents/8bit-physics/____working/_en/.lake/build/lib/lean /nix/store/4gr3n4nrp0xxgykyyzdxi3xjj2ikn5x1-lean4-4.25.0/bin/lean /home/ken/Documents/8bit-physics/____working/_en/CL8E8TQC/_03_E8Dirac/_03_Parthasarathy.lean -o /home/ken/Documents/8bit-physics/____working/_en/.lake/build/lib/lean/CL8E8TQC/_03_E8Dirac/_03_Parthasarathy.olean -i /home/ken/Documents/8bit-physics/____working/_en/.lake/build/lib/lean/CL8E8TQC/_03_E8Dirac/_03_Parthasarathy.ilean -c /home/ken/Documents/8bit-physics/____working/_en/.lake/build/ir/CL8E8TQC/_03_E8Dirac/_03_Parthasarathy.c --setup /home/ken/Documents/8bit-physics/____working/_en/.lake/build/ir/CL8E8TQC/_03_E8Dirac/_03_Parthasarathy.setup.json --json",
   "level": "trace"}],
 "inputs":
 [["CL8E8TQC._03_E8Dirac._03_Parthasarathy:deps",
   [["deps",
     [["CL8E8TQC/CL8E8TQC:extraDep",
       [["@CL8E8TQC:extraDep", "00000000000006bb"]]],
      ["imports",
       [["CL8E8TQC._03_E8Dirac._02_DimensionFormula transitive imports (legacy)",
         "ddbe3220bda63181"],
        ["CL8E8TQC._03_E8Dirac._02_DimensionFormula:importAllArts",
         "b3b21ef6652e77e1"]]]]],
    ["libs",
     [["import dynlibs", "00000000000006bb"],
      ["package external libraries", "00000000000006bb"],
      ["module dynlibs", "00000000000006bb"],
      ["module plugins", "00000000000006bb"]]]]],
  ["Lean 4.25.0, commit v4.25.0", "9c3a3ade3a41d5d0"],
  ["/home/ken/Documents/8bit-physics/____working/_en/CL8E8TQC/_03_E8Dirac/_03_Parthasarathy.lean",
   "7c8c72a08e5cff00"],
  ["options", "00000000000006bb"],
  ["Module.leanArgs: #[]", "00000000000006bb"]],
 "depHash": "430b02975d99ce31"}