{"synthetic": false,
 "schemaVersion": "2025-09-10",
 "outputs":
 {"o": ["f35106eaf5ef8a6d.olean"],
  "i": "314f27a5679a7dd9.ilean",
  "c": "db53f8e07b35cb1c.c"},
 "log":
 [{"message":
   ".> LEAN_PATH=/home/ken/Documents/8bit-physics/____working/_en/.lake/build/lib/lean /nix/store/4gr3n4nrp0xxgykyyzdxi3xjj2ikn5x1-lean4-4.25.0/bin/lean /home/ken/Documents/8bit-physics/____working/_en/CL8E8TQC/_03_E8Dirac/_04_PositiveRoots.lean -o /home/ken/Documents/8bit-physics/____working/_en/.lake/build/lib/lean/CL8E8TQC/_03_E8Dirac/_04_PositiveRoots.olean -i /home/ken/Documents/8bit-physics/____working/_en/.lake/build/lib/lean/CL8E8TQC/_03_E8Dirac/_04_PositiveRoots.ilean -c /home/ken/Documents/8bit-physics/____working/_en/.lake/build/ir/CL8E8TQC/_03_E8Dirac/_04_PositiveRoots.c --setup /home/ken/Documents/8bit-physics/____working/_en/.lake/build/ir/CL8E8TQC/_03_E8Dirac/_04_PositiveRoots.setup.json --json",
   "level": "trace"}],
 "inputs":
 [["CL8E8TQC._03_E8Dirac._04_PositiveRoots:deps",
   [["deps",
     [["CL8E8TQC/CL8E8TQC:extraDep",
       [["@CL8E8TQC:extraDep", "00000000000006bb"]]],
      ["imports",
       [["CL8E8TQC._03_E8Dirac._03_Parthasarathy transitive imports (legacy)",
         "950010bbf8b9da13"],
        ["CL8E8TQC._03_E8Dirac._03_Parthasarathy:importAllArts",
         "684acc25658692b1"],
        ["CL8E8TQC._01_TQC._03_QuantumState transitive imports (legacy)",
         "61d04e7d93f1c38d"],
        ["CL8E8TQC._01_TQC._03_QuantumState:importAllArts",
         "bb9987cc155b405a"]]]]],
    ["libs",
     [["import dynlibs", "00000000000006bb"],
      ["package external libraries", "00000000000006bb"],
      ["module dynlibs", "00000000000006bb"],
      ["module plugins", "00000000000006bb"]]]]],
  ["Lean 4.25.0, commit v4.25.0", "9c3a3ade3a41d5d0"],
  ["/home/ken/Documents/8bit-physics/____working/_en/CL8E8TQC/_03_E8Dirac/_04_PositiveRoots.lean",
   "f612b74cfd82118f"],
  ["options", "00000000000006bb"],
  ["Module.leanArgs: #[]", "00000000000006bb"]],
 "depHash": "342a8f26ff4decf3"}