{"synthetic": false,
 "schemaVersion": "2025-09-10",
 "outputs": "4e94c89e2c1a0e6e",
 "log":
 [{"message":
   ".> gcc -o /home/ken/Documents/8bit-physics/____working/_en/.lake/build/bin/e8ca /home/ken/Documents/8bit-physics/____working/_en/.lake/build/ir/CL8E8TQC/_10_E8CA/_00_E8CellularAutomaton.c.o.export /home/ken/Documents/8bit-physics/____working/_en/.lake/build/ir/CL8E8TQC/_01_TQC/_01_Cl8E8H84.c.o.export /home/ken/Documents/8bit-physics/____working/_en/.lake/build/ir/CL8E8TQC/_03_E8Dirac/_00_LieAlgebra.c.o.export /home/ken/Documents/8bit-physics/____working/_en/.lake/build/ir/CL8E8TQC/_03_E8Dirac/_01_A4Embedding.c.o.export /home/ken/Documents/8bit-physics/____working/_en/.lake/build/ir/CL8E8TQC/_03_E8Dirac/_02_DimensionFormula.c.o.export /home/ken/Documents/8bit-physics/____working/_en/.lake/build/ir/CL8E8TQC/_03_E8Dirac/_03_Parthasarathy.c.o.export /home/ken/Documents/8bit-physics/____working/_en/.lake/build/ir/CL8E8TQC/_01_TQC/_02_PinSpin.c.o.export /home/ken/Documents/8bit-physics/____working/_en/.lake/build/ir/CL8E8TQC/_01_TQC/_03_QuantumState.c.o.export /home/ken/Documents/8bit-physics/____working/_en/.lake/build/ir/CL8E8TQC/_03_E8Dirac/_04_PositiveRoots.c.o.export /home/ken/Documents/8bit-physics/____working/_en/.lake/build/ir/CL8E8TQC/_05_SpectralTriple/_00_ConnesNCG.c.o.export /home/ken/Documents/8bit-physics/____working/_en/.lake/build/ir/CL8E8TQC/_05_SpectralTriple/_01_DiracOp.c.o.export /home/ken/Documents/8bit-physics/____working/_en/.lake/build/ir/CL8E8TQC/_05_SpectralTriple/_02_DiracSquared.c.o.export -L /nix/store/4gr3n4nrp0xxgykyyzdxi3xjj2ikn5x1-lean4-4.25.0/lib/lean -Wl,--start-group -lleancpp -lLean -Wl,--end-group -lStd -Wl,--start-group -lInit -lleanrt -Wl,--end-group -lstdc++ -lLake /nix/store/54jkwsavi3fdciqfyjmbilq0jhvv4jga-gmp-with-cxx-6.3.0/lib/libgmp.so -L/nix/store/586m17rh3and42f2pyqvmsmrxaz6bdkn-libuv-1.51.0/lib -luv -lm -ldl -pthread",
   "level": "trace"}],
 "inputs":
 [["linkObjs",
   [["/home/ken/Documents/8bit-physics/____working/_en/.lake/build/ir/CL8E8TQC/_10_E8CA/_00_E8CellularAutomaton.c.o.export",
     "7b1b6491aa0bcace"],
    ["/home/ken/Documents/8bit-physics/____working/_en/.lake/build/ir/CL8E8TQC/_01_TQC/_01_Cl8E8H84.c.o.export",
     "6bb5db08adad676d"],
    ["/home/ken/Documents/8bit-physics/____working/_en/.lake/build/ir/CL8E8TQC/_03_E8Dirac/_00_LieAlgebra.c.o.export",
     "4adbc0b08af152ed"],
    ["/home/ken/Documents/8bit-physics/____working/_en/.lake/build/ir/CL8E8TQC/_03_E8Dirac/_01_A4Embedding.c.o.export",
     "6c19b8cc39ed8a09"],
    ["/home/ken/Documents/8bit-physics/____working/_en/.lake/build/ir/CL8E8TQC/_03_E8Dirac/_02_DimensionFormula.c.o.export",
     "8012b28a39ea4ae3"],
    ["/home/ken/Documents/8bit-physics/____working/_en/.lake/build/ir/CL8E8TQC/_03_E8Dirac/_03_Parthasarathy.c.o.export",
     "17430c5407ffda85"],
    ["/home/ken/Documents/8bit-physics/____working/_en/.lake/build/ir/CL8E8TQC/_01_TQC/_02_PinSpin.c.o.export",
     "c5ad913d588a6dd8"],
    ["/home/ken/Documents/8bit-physics/____working/_en/.lake/build/ir/CL8E8TQC/_01_TQC/_03_QuantumState.c.o.export",
     "698054725c32bc4b"],
    ["/home/ken/Documents/8bit-physics/____working/_en/.lake/build/ir/CL8E8TQC/_03_E8Dirac/_04_PositiveRoots.c.o.export",
     "75dfe3c018d68141"],
    ["/home/ken/Documents/8bit-physics/____working/_en/.lake/build/ir/CL8E8TQC/_05_SpectralTriple/_00_ConnesNCG.c.o.export",
     "14164244adb963d7"],
    ["/home/ken/Documents/8bit-physics/____working/_en/.lake/build/ir/CL8E8TQC/_05_SpectralTriple/_01_DiracOp.c.o.export",
     "3edf890052e9f014"],
    ["/home/ken/Documents/8bit-physics/____working/_en/.lake/build/ir/CL8E8TQC/_05_SpectralTriple/_02_DiracSquared.c.o.export",
     "b2388be993323578"]]],
  ["linkLibs", "00000000000006bb"],
  ["Lean 4.25.0, commit v4.25.0", "9c3a3ade3a41d5d0"],
  ["traceArgs: #[]", "00000000000006bb"],
  ["", "21c42906adea99f5"]],
 "depHash": "5a92995cab7b3ad7"}