{"synthetic": false,
 "schemaVersion": "2025-09-10",
 "outputs":
 {"o": ["0a36e59420287dc0.olean"],
  "i": "643406d7163740c9.ilean",
  "c": "36b63585929629ce.c"},
 "log":
 [{"message":
   ".> LEAN_PATH=/home/ken/Documents/8bit-physics/____working/_en/.lake/build/lib/lean /nix/store/4gr3n4nrp0xxgykyyzdxi3xjj2ikn5x1-lean4-4.25.0/bin/lean /home/ken/Documents/8bit-physics/____working/_en/CL8E8TQC/_21_QuantumDeepGP/_00_LazyTraining.lean -o /home/ken/Documents/8bit-physics/____working/_en/.lake/build/lib/lean/CL8E8TQC/_21_QuantumDeepGP/_00_LazyTraining.olean -i /home/ken/Documents/8bit-physics/____working/_en/.lake/build/lib/lean/CL8E8TQC/_21_QuantumDeepGP/_00_LazyTraining.ilean -c /home/ken/Documents/8bit-physics/____working/_en/.lake/build/ir/CL8E8TQC/_21_QuantumDeepGP/_00_LazyTraining.c --setup /home/ken/Documents/8bit-physics/____working/_en/.lake/build/ir/CL8E8TQC/_21_QuantumDeepGP/_00_LazyTraining.setup.json --json",
   "level": "trace"}],
 "inputs":
 [["CL8E8TQC._21_QuantumDeepGP._00_LazyTraining:deps",
   [["deps",
     [["CL8E8TQC/CL8E8TQC:extraDep",
       [["@CL8E8TQC:extraDep", "00000000000006bb"]]],
      ["imports",
       [["CL8E8TQC._20_FTQC_GP_ML._04_ActiveLearning transitive imports (legacy)",
         "561050c7cfbfbfc3"],
        ["CL8E8TQC._20_FTQC_GP_ML._04_ActiveLearning:importAllArts",
         "ac17059955a81650"]]]]],
    ["libs",
     [["import dynlibs", "00000000000006bb"],
      ["package external libraries", "00000000000006bb"],
      ["module dynlibs", "00000000000006bb"],
      ["module plugins", "00000000000006bb"]]]]],
  ["Lean 4.25.0, commit v4.25.0", "9c3a3ade3a41d5d0"],
  ["/home/ken/Documents/8bit-physics/____working/_en/CL8E8TQC/_21_QuantumDeepGP/_00_LazyTraining.lean",
   "591f26b578be27dc"],
  ["options", "00000000000006bb"],
  ["Module.leanArgs: #[]", "00000000000006bb"]],
 "depHash": "830d25a6671aeaa2"}