{"synthetic": false,
 "schemaVersion": "2025-09-10",
 "outputs":
 {"o": ["9a6ce40627221938.olean"],
  "i": "4f0b368eb937a9a7.ilean",
  "c": "da3a400ed9a77d1e.c"},
 "log":
 [{"message":
   ".> LEAN_PATH=/home/ken/Documents/8bit-physics/____working/_en/.lake/build/lib/lean /nix/store/4gr3n4nrp0xxgykyyzdxi3xjj2ikn5x1-lean4-4.25.0/bin/lean /home/ken/Documents/8bit-physics/____working/_en/CL8E8TQC/_21_QuantumDeepGP/_01_DeepGP_Theory.lean -o /home/ken/Documents/8bit-physics/____working/_en/.lake/build/lib/lean/CL8E8TQC/_21_QuantumDeepGP/_01_DeepGP_Theory.olean -i /home/ken/Documents/8bit-physics/____working/_en/.lake/build/lib/lean/CL8E8TQC/_21_QuantumDeepGP/_01_DeepGP_Theory.ilean -c /home/ken/Documents/8bit-physics/____working/_en/.lake/build/ir/CL8E8TQC/_21_QuantumDeepGP/_01_DeepGP_Theory.c --setup /home/ken/Documents/8bit-physics/____working/_en/.lake/build/ir/CL8E8TQC/_21_QuantumDeepGP/_01_DeepGP_Theory.setup.json --json",
   "level": "trace"}],
 "inputs":
 [["CL8E8TQC._21_QuantumDeepGP._01_DeepGP_Theory:deps",
   [["deps",
     [["CL8E8TQC/CL8E8TQC:extraDep",
       [["@CL8E8TQC:extraDep", "00000000000006bb"]]],
      ["imports",
       [["CL8E8TQC._21_QuantumDeepGP._00_LazyTraining transitive imports (legacy)",
         "1584e1e4c80dfc25"],
        ["CL8E8TQC._21_QuantumDeepGP._00_LazyTraining:importAllArts",
         "2b6d88e18a2f48c3"]]]]],
    ["libs",
     [["import dynlibs", "00000000000006bb"],
      ["package external libraries", "00000000000006bb"],
      ["module dynlibs", "00000000000006bb"],
      ["module plugins", "00000000000006bb"]]]]],
  ["Lean 4.25.0, commit v4.25.0", "9c3a3ade3a41d5d0"],
  ["/home/ken/Documents/8bit-physics/____working/_en/CL8E8TQC/_21_QuantumDeepGP/_01_DeepGP_Theory.lean",
   "e62aea2dd8638fa1"],
  ["options", "00000000000006bb"],
  ["Module.leanArgs: #[]", "00000000000006bb"]],
 "depHash": "0eb681472e811a8e"}