{"synthetic": false,
 "schemaVersion": "2025-09-10",
 "outputs":
 {"o": ["acb13800d0b111ad.olean"],
  "i": "6826183865d82c60.ilean",
  "c": "19e16db1d14fbebb.c"},
 "log":
 [{"message":
   ".> LEAN_PATH=/home/ken/Documents/8bit-physics/____working/_en/.lake/build/lib/lean /nix/store/4gr3n4nrp0xxgykyyzdxi3xjj2ikn5x1-lean4-4.25.0/bin/lean /home/ken/Documents/8bit-physics/____working/_en/CL8E8TQC/_21_QuantumDeepGP/_02_DiscretePathIntegral.lean -o /home/ken/Documents/8bit-physics/____working/_en/.lake/build/lib/lean/CL8E8TQC/_21_QuantumDeepGP/_02_DiscretePathIntegral.olean -i /home/ken/Documents/8bit-physics/____working/_en/.lake/build/lib/lean/CL8E8TQC/_21_QuantumDeepGP/_02_DiscretePathIntegral.ilean -c /home/ken/Documents/8bit-physics/____working/_en/.lake/build/ir/CL8E8TQC/_21_QuantumDeepGP/_02_DiscretePathIntegral.c --setup /home/ken/Documents/8bit-physics/____working/_en/.lake/build/ir/CL8E8TQC/_21_QuantumDeepGP/_02_DiscretePathIntegral.setup.json --json",
   "level": "trace"}],
 "inputs":
 [["CL8E8TQC._21_QuantumDeepGP._02_DiscretePathIntegral:deps",
   [["deps",
     [["CL8E8TQC/CL8E8TQC:extraDep",
       [["@CL8E8TQC:extraDep", "00000000000006bb"]]],
      ["imports",
       [["CL8E8TQC._21_QuantumDeepGP._01_DeepGP_Theory transitive imports (legacy)",
         "a9711de4c5b63e81"],
        ["CL8E8TQC._21_QuantumDeepGP._01_DeepGP_Theory:importAllArts",
         "6967e8d774a97144"]]]]],
    ["libs",
     [["import dynlibs", "00000000000006bb"],
      ["package external libraries", "00000000000006bb"],
      ["module dynlibs", "00000000000006bb"],
      ["module plugins", "00000000000006bb"]]]]],
  ["Lean 4.25.0, commit v4.25.0", "9c3a3ade3a41d5d0"],
  ["/home/ken/Documents/8bit-physics/____working/_en/CL8E8TQC/_21_QuantumDeepGP/_02_DiscretePathIntegral.lean",
   "b02996f0c8e9688f"],
  ["options", "00000000000006bb"],
  ["Module.leanArgs: #[]", "00000000000006bb"]],
 "depHash": "aecfcfacee5f1126"}