{"synthetic": false,
 "schemaVersion": "2025-09-10",
 "outputs":
 {"o": ["cac5ec04f5f2609f.olean"],
  "i": "2f42879c4b42a029.ilean",
  "c": "51b4d5c9304994cb.c"},
 "log":
 [{"message":
   ".> LEAN_PATH=/home/ken/Documents/8bit-physics/____working/_en/.lake/build/lib/lean /nix/store/4gr3n4nrp0xxgykyyzdxi3xjj2ikn5x1-lean4-4.25.0/bin/lean /home/ken/Documents/8bit-physics/____working/_en/CL8E8TQC/_21_QuantumDeepGP/_03_QuantumInference.lean -o /home/ken/Documents/8bit-physics/____working/_en/.lake/build/lib/lean/CL8E8TQC/_21_QuantumDeepGP/_03_QuantumInference.olean -i /home/ken/Documents/8bit-physics/____working/_en/.lake/build/lib/lean/CL8E8TQC/_21_QuantumDeepGP/_03_QuantumInference.ilean -c /home/ken/Documents/8bit-physics/____working/_en/.lake/build/ir/CL8E8TQC/_21_QuantumDeepGP/_03_QuantumInference.c --setup /home/ken/Documents/8bit-physics/____working/_en/.lake/build/ir/CL8E8TQC/_21_QuantumDeepGP/_03_QuantumInference.setup.json --json",
   "level": "trace"}],
 "inputs":
 [["CL8E8TQC._21_QuantumDeepGP._03_QuantumInference:deps",
   [["deps",
     [["CL8E8TQC/CL8E8TQC:extraDep",
       [["@CL8E8TQC:extraDep", "00000000000006bb"]]],
      ["imports",
       [["CL8E8TQC._21_QuantumDeepGP._02_DiscretePathIntegral transitive imports (legacy)",
         "facba0b1f39a37d7"],
        ["CL8E8TQC._21_QuantumDeepGP._02_DiscretePathIntegral:importAllArts",
         "b81aec2db94ffcf6"],
        ["CL8E8TQC._01_TQC._04_TQC_Universality transitive imports (legacy)",
         "abd13cc95df442b3"],
        ["CL8E8TQC._01_TQC._04_TQC_Universality:importAllArts",
         "7c5c3f3af8ff40ff"]]]]],
    ["libs",
     [["import dynlibs", "00000000000006bb"],
      ["package external libraries", "00000000000006bb"],
      ["module dynlibs", "00000000000006bb"],
      ["module plugins", "00000000000006bb"]]]]],
  ["Lean 4.25.0, commit v4.25.0", "9c3a3ade3a41d5d0"],
  ["/home/ken/Documents/8bit-physics/____working/_en/CL8E8TQC/_21_QuantumDeepGP/_03_QuantumInference.lean",
   "527d0df90c99888a"],
  ["options", "00000000000006bb"],
  ["Module.leanArgs: #[]", "00000000000006bb"]],
 "depHash": "8529fddb3c67ab83"}