{"synthetic": false,
 "schemaVersion": "2025-09-10",
 "outputs":
 {"o": ["0aa7129ecd4e9dba.olean"],
  "i": "7a3cce0dfc8af8ca.ilean",
  "c": "bd017609d82b72bc.c"},
 "log":
 [{"message":
   ".> LEAN_PATH=/home/ken/Documents/8bit-physics/____working/_en/.lake/build/lib/lean /nix/store/4gr3n4nrp0xxgykyyzdxi3xjj2ikn5x1-lean4-4.25.0/bin/lean /home/ken/Documents/8bit-physics/____working/_en/CL8E8TQC/_21_QuantumDeepGP/_04_LayerDepthCorrespondence.lean -o /home/ken/Documents/8bit-physics/____working/_en/.lake/build/lib/lean/CL8E8TQC/_21_QuantumDeepGP/_04_LayerDepthCorrespondence.olean -i /home/ken/Documents/8bit-physics/____working/_en/.lake/build/lib/lean/CL8E8TQC/_21_QuantumDeepGP/_04_LayerDepthCorrespondence.ilean -c /home/ken/Documents/8bit-physics/____working/_en/.lake/build/ir/CL8E8TQC/_21_QuantumDeepGP/_04_LayerDepthCorrespondence.c --setup /home/ken/Documents/8bit-physics/____working/_en/.lake/build/ir/CL8E8TQC/_21_QuantumDeepGP/_04_LayerDepthCorrespondence.setup.json --json",
   "level": "trace"}],
 "inputs":
 [["CL8E8TQC._21_QuantumDeepGP._04_LayerDepthCorrespondence:deps",
   [["deps",
     [["CL8E8TQC/CL8E8TQC:extraDep",
       [["@CL8E8TQC:extraDep", "00000000000006bb"]]],
      ["imports",
       [["CL8E8TQC._21_QuantumDeepGP._03_QuantumInference transitive imports (legacy)",
         "f58ca91978c3077a"],
        ["CL8E8TQC._21_QuantumDeepGP._03_QuantumInference:importAllArts",
         "6fa8127f5ae6a3ad"]]]]],
    ["libs",
     [["import dynlibs", "00000000000006bb"],
      ["package external libraries", "00000000000006bb"],
      ["module dynlibs", "00000000000006bb"],
      ["module plugins", "00000000000006bb"]]]]],
  ["Lean 4.25.0, commit v4.25.0", "9c3a3ade3a41d5d0"],
  ["/home/ken/Documents/8bit-physics/____working/_en/CL8E8TQC/_21_QuantumDeepGP/_04_LayerDepthCorrespondence.lean",
   "6ff47241b6be5150"],
  ["options", "00000000000006bb"],
  ["Module.leanArgs: #[]", "00000000000006bb"]],
 "depHash": "7398ae3a80ac80f8"}