{"synthetic": false,
 "schemaVersion": "2025-09-10",
 "outputs":
 {"o": ["d3e3e4d335ffb6d9.olean"],
  "i": "d6e5ff3f8cb76ad7.ilean",
  "c": "5ff7d70d227fdd04.c"},
 "log":
 [{"message":
   ".> LEAN_PATH=/home/ken/Documents/8bit-physics/____working/_en/.lake/build/lib/lean /nix/store/4gr3n4nrp0xxgykyyzdxi3xjj2ikn5x1-lean4-4.25.0/bin/lean /home/ken/Documents/8bit-physics/____working/_en/CL8E8TQC/_20_FTQC_GP_ML/_00_LinearTimeGP.lean -o /home/ken/Documents/8bit-physics/____working/_en/.lake/build/lib/lean/CL8E8TQC/_20_FTQC_GP_ML/_00_LinearTimeGP.olean -i /home/ken/Documents/8bit-physics/____working/_en/.lake/build/lib/lean/CL8E8TQC/_20_FTQC_GP_ML/_00_LinearTimeGP.ilean -c /home/ken/Documents/8bit-physics/____working/_en/.lake/build/ir/CL8E8TQC/_20_FTQC_GP_ML/_00_LinearTimeGP.c --setup /home/ken/Documents/8bit-physics/____working/_en/.lake/build/ir/CL8E8TQC/_20_FTQC_GP_ML/_00_LinearTimeGP.setup.json --json",
   "level": "trace"}],
 "inputs":
 [["CL8E8TQC._20_FTQC_GP_ML._00_LinearTimeGP:deps",
   [["deps",
     [["CL8E8TQC/CL8E8TQC:extraDep",
       [["@CL8E8TQC:extraDep", "00000000000006bb"]]],
      ["imports",
       [["CL8E8TQC._01_TQC._03_QuantumState transitive imports (legacy)",
         "61d04e7d93f1c38d"],
        ["CL8E8TQC._01_TQC._03_QuantumState:importAllArts",
         "bb9987cc155b405a"]]]]],
    ["libs",
     [["import dynlibs", "00000000000006bb"],
      ["package external libraries", "00000000000006bb"],
      ["module dynlibs", "00000000000006bb"],
      ["module plugins", "00000000000006bb"]]]]],
  ["Lean 4.25.0, commit v4.25.0", "9c3a3ade3a41d5d0"],
  ["/home/ken/Documents/8bit-physics/____working/_en/CL8E8TQC/_20_FTQC_GP_ML/_00_LinearTimeGP.lean",
   "c31fcbce85e1540f"],
  ["options", "00000000000006bb"],
  ["Module.leanArgs: #[]", "00000000000006bb"]],
 "depHash": "36367964b445fc58"}