{"synthetic": false,
 "schemaVersion": "2025-09-10",
 "outputs":
 {"o": ["c71f8b074fd1e5cd.olean"],
  "i": "db77ee034af06dba.ilean",
  "c": "9c89be4400038b70.c"},
 "log":
 [{"message":
   ".> LEAN_PATH=/home/ken/Documents/8bit-physics/____working/_en/.lake/build/lib/lean /nix/store/4gr3n4nrp0xxgykyyzdxi3xjj2ikn5x1-lean4-4.25.0/bin/lean /home/ken/Documents/8bit-physics/____working/_en/CL8E8TQC/_20_FTQC_GP_ML/_02_DrugDiscovery_GP.lean -o /home/ken/Documents/8bit-physics/____working/_en/.lake/build/lib/lean/CL8E8TQC/_20_FTQC_GP_ML/_02_DrugDiscovery_GP.olean -i /home/ken/Documents/8bit-physics/____working/_en/.lake/build/lib/lean/CL8E8TQC/_20_FTQC_GP_ML/_02_DrugDiscovery_GP.ilean -c /home/ken/Documents/8bit-physics/____working/_en/.lake/build/ir/CL8E8TQC/_20_FTQC_GP_ML/_02_DrugDiscovery_GP.c --setup /home/ken/Documents/8bit-physics/____working/_en/.lake/build/ir/CL8E8TQC/_20_FTQC_GP_ML/_02_DrugDiscovery_GP.setup.json --json",
   "level": "trace"}],
 "inputs":
 [["CL8E8TQC._20_FTQC_GP_ML._02_DrugDiscovery_GP:deps",
   [["deps",
     [["CL8E8TQC/CL8E8TQC:extraDep",
       [["@CL8E8TQC:extraDep", "00000000000006bb"]]],
      ["imports",
       [["CL8E8TQC._20_FTQC_GP_ML._00_LinearTimeGP transitive imports (legacy)",
         "cfaa0bafbb09e825"],
        ["CL8E8TQC._20_FTQC_GP_ML._00_LinearTimeGP:importAllArts",
         "aae139dc01d8106e"]]]]],
    ["libs",
     [["import dynlibs", "00000000000006bb"],
      ["package external libraries", "00000000000006bb"],
      ["module dynlibs", "00000000000006bb"],
      ["module plugins", "00000000000006bb"]]]]],
  ["Lean 4.25.0, commit v4.25.0", "9c3a3ade3a41d5d0"],
  ["/home/ken/Documents/8bit-physics/____working/_en/CL8E8TQC/_20_FTQC_GP_ML/_02_DrugDiscovery_GP.lean",
   "4131e9861013f589"],
  ["options", "00000000000006bb"],
  ["Module.leanArgs: #[]", "00000000000006bb"]],
 "depHash": "8153d671b5fb24fa"}