{"synthetic": false,
 "schemaVersion": "2025-09-10",
 "outputs":
 {"o": ["9b37600b8c2631db.olean"],
  "i": "cd4678e5e9ce33c6.ilean",
  "c": "fbc487345b052714.c"},
 "log":
 [{"message":
   ".> LEAN_PATH=/home/ken/Documents/8bit-physics/____working/_en/.lake/build/lib/lean /nix/store/4gr3n4nrp0xxgykyyzdxi3xjj2ikn5x1-lean4-4.25.0/bin/lean /home/ken/Documents/8bit-physics/____working/_en/CL8E8TQC/_20_FTQC_GP_ML/_04_ActiveLearning.lean -o /home/ken/Documents/8bit-physics/____working/_en/.lake/build/lib/lean/CL8E8TQC/_20_FTQC_GP_ML/_04_ActiveLearning.olean -i /home/ken/Documents/8bit-physics/____working/_en/.lake/build/lib/lean/CL8E8TQC/_20_FTQC_GP_ML/_04_ActiveLearning.ilean -c /home/ken/Documents/8bit-physics/____working/_en/.lake/build/ir/CL8E8TQC/_20_FTQC_GP_ML/_04_ActiveLearning.c --setup /home/ken/Documents/8bit-physics/____working/_en/.lake/build/ir/CL8E8TQC/_20_FTQC_GP_ML/_04_ActiveLearning.setup.json --json",
   "level": "trace"}],
 "inputs":
 [["CL8E8TQC._20_FTQC_GP_ML._04_ActiveLearning:deps",
   [["deps",
     [["CL8E8TQC/CL8E8TQC:extraDep",
       [["@CL8E8TQC:extraDep", "00000000000006bb"]]],
      ["imports",
       [["CL8E8TQC._20_FTQC_GP_ML._03_MultiE8_GP transitive imports (legacy)",
         "4078b978b01f8dd4"],
        ["CL8E8TQC._20_FTQC_GP_ML._03_MultiE8_GP:importAllArts",
         "ec093430bfd5bcd1"]]]]],
    ["libs",
     [["import dynlibs", "00000000000006bb"],
      ["package external libraries", "00000000000006bb"],
      ["module dynlibs", "00000000000006bb"],
      ["module plugins", "00000000000006bb"]]]]],
  ["Lean 4.25.0, commit v4.25.0", "9c3a3ade3a41d5d0"],
  ["/home/ken/Documents/8bit-physics/____working/_en/CL8E8TQC/_20_FTQC_GP_ML/_04_ActiveLearning.lean",
   "41bff5cc9ca33bcc"],
  ["options", "00000000000006bb"],
  ["Module.leanArgs: #[]", "00000000000006bb"]],
 "depHash": "4b85ef7a71215320"}