{"synthetic": false,
 "schemaVersion": "2025-09-10",
 "outputs":
 {"o": ["dbec0a6070ab228e.olean"],
  "i": "c6bcfd081f4dd391.ilean",
  "c": "45e2100002ffc402.c"},
 "log":
 [{"message":
   ".> LEAN_PATH=/home/ken/Documents/8bit-physics/____working/_en/.lake/build/lib/lean /nix/store/4gr3n4nrp0xxgykyyzdxi3xjj2ikn5x1-lean4-4.25.0/bin/lean /home/ken/Documents/8bit-physics/____working/_en/CL8E8TQC/_20_FTQC_GP_ML/_05_FTQC_GP_NN_Duality.lean -o /home/ken/Documents/8bit-physics/____working/_en/.lake/build/lib/lean/CL8E8TQC/_20_FTQC_GP_ML/_05_FTQC_GP_NN_Duality.olean -i /home/ken/Documents/8bit-physics/____working/_en/.lake/build/lib/lean/CL8E8TQC/_20_FTQC_GP_ML/_05_FTQC_GP_NN_Duality.ilean -c /home/ken/Documents/8bit-physics/____working/_en/.lake/build/ir/CL8E8TQC/_20_FTQC_GP_ML/_05_FTQC_GP_NN_Duality.c --setup /home/ken/Documents/8bit-physics/____working/_en/.lake/build/ir/CL8E8TQC/_20_FTQC_GP_ML/_05_FTQC_GP_NN_Duality.setup.json --json",
   "level": "trace"}],
 "inputs":
 [["CL8E8TQC._20_FTQC_GP_ML._05_FTQC_GP_NN_Duality:deps",
   [["deps",
     [["CL8E8TQC/CL8E8TQC:extraDep",
       [["@CL8E8TQC:extraDep", "00000000000006bb"]]],
      ["imports",
       [["CL8E8TQC._20_FTQC_GP_ML._00_LinearTimeGP transitive imports (legacy)",
         "cfaa0bafbb09e825"],
        ["CL8E8TQC._20_FTQC_GP_ML._00_LinearTimeGP:importAllArts",
         "aae139dc01d8106e"]]]]],
    ["libs",
     [["import dynlibs", "00000000000006bb"],
      ["package external libraries", "00000000000006bb"],
      ["module dynlibs", "00000000000006bb"],
      ["module plugins", "00000000000006bb"]]]]],
  ["Lean 4.25.0, commit v4.25.0", "9c3a3ade3a41d5d0"],
  ["/home/ken/Documents/8bit-physics/____working/_en/CL8E8TQC/_20_FTQC_GP_ML/_05_FTQC_GP_NN_Duality.lean",
   "89d6529d79d6a619"],
  ["options", "00000000000006bb"],
  ["Module.leanArgs: #[]", "00000000000006bb"]],
 "depHash": "0fcfee544e41e24e"}